\BOOKMARK [0][-]{section*.9}{\376\377\000A\000c\000r\000o\000n\000y\000m\000s}{}% 1
\BOOKMARK [0][-]{section*.11}{\376\377\000N\000o\000t\000a\000t\000i\000o\000n}{}% 2
\BOOKMARK [0][-]{chapter.1}{\376\377\000I\000n\000t\000r\000o\000d\000u\000c\000t\000i\000o\000n}{}% 3
\BOOKMARK [1][-]{section.1.1}{\376\377\000M\000o\000t\000i\000v\000a\000t\000i\000o\000n\000\040\000a\000n\000d\000\040\000C\000o\000n\000t\000e\000x\000t}{chapter.1}% 4
\BOOKMARK [1][-]{section.1.2}{\376\377\000G\000o\000a\000l\000s}{chapter.1}% 5
\BOOKMARK [1][-]{section.1.3}{\376\377\000D\000o\000c\000u\000m\000e\000n\000t\000\040\000S\000t\000r\000u\000c\000t\000u\000r\000e}{chapter.1}% 6
\BOOKMARK [0][-]{chapter.2}{\376\377\000P\000r\000e\000l\000i\000m\000i\000n\000a\000r\000i\000e\000s}{}% 7
\BOOKMARK [1][-]{section.2.1}{\376\377\000L\000i\000n\000e\000a\000r\000\040\000A\000l\000g\000e\000b\000r\000a}{chapter.2}% 8
\BOOKMARK [2][-]{subsection.2.1.1}{\376\377\000C\000o\000m\000p\000l\000e\000x\000\040\000v\000e\000c\000t\000o\000r\000\040\000s\000p\000a\000c\000e\000s}{section.2.1}% 9
\BOOKMARK [2][-]{subsection.2.1.2}{\376\377\000L\000i\000n\000e\000a\000r\000\040\000o\000p\000e\000r\000a\000t\000o\000r\000s}{section.2.1}% 10
\BOOKMARK [2][-]{subsection.2.1.3}{\376\377\000I\000n\000n\000e\000r\000\040\000p\000r\000o\000d\000u\000c\000t}{section.2.1}% 11
\BOOKMARK [2][-]{subsection.2.1.4}{\376\377\000N\000o\000r\000m\000\040\000a\000n\000d\000\040\000n\000o\000r\000m\000e\000d\000\040\000s\000p\000a\000c\000e\000s}{section.2.1}% 12
\BOOKMARK [2][-]{subsection.2.1.5}{\376\377\000E\000i\000g\000e\000n\000v\000e\000c\000t\000o\000r\000s\000\040\000a\000n\000d\000\040\000e\000i\000g\000e\000n\000v\000a\000l\000u\000e\000s}{section.2.1}% 13
\BOOKMARK [2][-]{subsection.2.1.6}{\376\377\000S\000p\000e\000c\000t\000r\000a\000l\000\040\000t\000h\000e\000o\000r\000e\000m}{section.2.1}% 14
\BOOKMARK [2][-]{subsection.2.1.7}{\376\377\000I\000m\000p\000o\000r\000t\000a\000n\000t\000\040\000c\000l\000a\000s\000s\000e\000s\000\040\000o\000f\000\040\000o\000p\000e\000r\000a\000t\000o\000r\000s\000/\000m\000a\000t\000r\000i\000c\000e\000s}{section.2.1}% 15
\BOOKMARK [2][-]{subsection.2.1.8}{\376\377\000U\000s\000e\000f\000u\000l\000\040\000n\000o\000r\000m\000s}{section.2.1}% 16
\BOOKMARK [2][-]{subsection.2.1.9}{\376\377\000T\000e\000n\000s\000o\000r\000\040\000P\000r\000o\000d\000u\000c\000t\000s\000\040\000a\000n\000d\000\040\000D\000i\000r\000e\000c\000t\000\040\000S\000u\000m\000s\000\040\000o\000f\000\040\000C\000o\000m\000p\000l\000e\000x\000\040\000s\000p\000a\000c\000e\000s}{section.2.1}% 17
\BOOKMARK [1][-]{section.2.2}{\376\377\000Q\000u\000a\000n\000t\000u\000m\000\040\000C\000o\000m\000p\000u\000t\000i\000n\000g\000\040\000P\000r\000e\000l\000i\000m\000i\000n\000a\000r\000i\000e\000s}{chapter.2}% 18
\BOOKMARK [2][-]{subsection.2.2.1}{\376\377\000T\000h\000e\000\040\0002\000-\000D\000i\000m\000e\000n\000s\000i\000o\000n\000a\000l\000\040\000H\000i\000l\000b\000e\000r\000t\000\040\000S\000p\000a\000c\000e}{section.2.2}% 19
\BOOKMARK [2][-]{subsection.2.2.2}{\376\377\000M\000u\000l\000t\000i\000-\000q\000u\000b\000i\000t\000\040\000S\000t\000a\000t\000e\000s}{section.2.2}% 20
\BOOKMARK [2][-]{subsection.2.2.3}{\376\377\000U\000n\000i\000t\000a\000r\000y\000\040\000o\000p\000e\000r\000a\000t\000o\000r\000s\000\040\000a\000n\000d\000\040\000M\000e\000a\000s\000u\000r\000e\000m\000e\000n\000t\000s}{section.2.2}% 21
\BOOKMARK [2][-]{subsection.2.2.4}{\376\377\000D\000e\000n\000s\000i\000t\000y\000\040\000o\000p\000e\000r\000a\000t\000o\000r\000s}{section.2.2}% 22
\BOOKMARK [2][-]{subsection.2.2.5}{\376\377\000Q\000u\000a\000n\000t\000u\000m\000\040\000C\000h\000a\000n\000n\000e\000l\000s}{section.2.2}% 23
\BOOKMARK [2][-]{subsection.2.2.6}{\376\377\000Q\000u\000a\000n\000t\000u\000m\000\040\000c\000i\000r\000c\000u\000i\000t\000s}{section.2.2}% 24
\BOOKMARK [2][-]{subsection.2.2.7}{\376\377\000N\000o\000-\000c\000l\000o\000n\000i\000n\000g\000\040\000t\000h\000e\000o\000r\000e\000m}{section.2.2}% 25
\BOOKMARK [1][-]{section.2.3}{\376\377\000F\000u\000n\000c\000t\000i\000o\000n\000a\000l\000\040\000A\000n\000a\000l\000y\000s\000i\000s}{chapter.2}% 26
\BOOKMARK [2][-]{subsection.2.3.1}{\376\377\000N\000o\000r\000m\000e\000d\000\040\000s\000p\000a\000c\000e\000s}{section.2.3}% 27
\BOOKMARK [2][-]{subsection.2.3.2}{\376\377\000B\000a\000n\000a\000c\000h\000\040\000s\000p\000a\000c\000e\000s}{section.2.3}% 28
\BOOKMARK [2][-]{subsection.2.3.3}{\376\377\000H\000i\000l\000b\000e\000r\000t\000\040\000S\000p\000a\000c\000e\000s}{section.2.3}% 29
\BOOKMARK [1][-]{section.2.4}{\376\377\000P\000r\000o\000b\000a\000b\000i\000l\000i\000s\000t\000i\000c\000\040\000P\000r\000o\000g\000r\000a\000m\000m\000i\000n\000g\000/\000M\000e\000a\000s\000u\000r\000e\000\040\000t\000h\000e\000o\000r\000y}{chapter.2}% 30
\BOOKMARK [2][-]{subsection.2.4.1}{\376\377\000P\000r\000o\000b\000a\000b\000i\000l\000i\000s\000t\000i\000c\000\040\000P\000r\000o\000g\000r\000a\000m\000m\000i\000n\000g\000\040\000a\000n\000d\000\040\000M\000e\000a\000s\000u\000r\000e\000\040\000T\000h\000e\000o\000r\000y}{section.2.4}% 31
\BOOKMARK [2][-]{subsection.2.4.2}{\376\377\000W\000h\000a\000t\000\040\000i\000s\000\040\000m\000e\000a\000s\000u\000r\000e\000\040\000t\000h\000e\000o\000r\000y\000?}{section.2.4}% 32
\BOOKMARK [2][-]{subsection.2.4.3}{\376\377\000M\000e\000a\000s\000u\000r\000a\000b\000l\000e\000\040\000s\000p\000a\000c\000e\000s\000\040\000a\000n\000d\000\040\000m\000e\000a\000s\000u\000r\000e\000s}{section.2.4}% 33
\BOOKMARK [2][-]{subsection.2.4.4}{\376\377\000S\000p\000a\000c\000e\000s\000\040\000o\000f\000\040\000M\000e\000a\000s\000u\000r\000e\000s}{section.2.4}% 34
\BOOKMARK [1][-]{section.2.5}{\376\377\000C\000*\000\040\000a\000n\000d\000\040\000W\000*\000-\000A\000l\000g\000e\000b\000r\000a\000s}{chapter.2}% 35
\BOOKMARK [1][-]{section.2.6}{\376\377\000C\000a\000t\000e\000g\000o\000r\000y\000\040\000t\000h\000e\000o\000r\000y}{chapter.2}% 36
\BOOKMARK [2][-]{subsection.2.6.1}{\376\377\000C\000a\000t\000e\000g\000o\000r\000i\000e\000s}{section.2.6}% 37
\BOOKMARK [2][-]{subsection.2.6.2}{\376\377\000P\000r\000o\000d\000u\000t\000s\000\040\000a\000n\000d\000\040\000c\000o\000p\000r\000o\000d\000u\000c\000t\000s}{section.2.6}% 38
\BOOKMARK [2][-]{subsection.2.6.3}{\376\377\000F\000u\000n\000c\000t\000o\000r\000s}{section.2.6}% 39
\BOOKMARK [2][-]{subsection.2.6.4}{\376\377\000N\000a\000t\000u\000r\000a\000l\000\040\000T\000r\000a\000n\000f\000o\000r\000m\000a\000t\000i\000o\000n\000s}{section.2.6}% 40
\BOOKMARK [2][-]{subsection.2.6.5}{\376\377\000E\000q\000u\000i\000v\000a\000l\000e\000n\000c\000e\000\040\000o\000f\000\040\000C\000a\000t\000e\000g\000o\000r\000i\000e\000s}{section.2.6}% 41
\BOOKMARK [2][-]{subsection.2.6.6}{\376\377\000A\000d\000j\000o\000i\000n\000t\000s}{section.2.6}% 42
\BOOKMARK [2][-]{subsection.2.6.7}{\376\377\000M\000o\000n\000o\000i\000d\000a\000l\000\040\000c\000a\000t\000e\000g\000o\000r\000i\000e\000s}{section.2.6}% 43
\BOOKMARK [0][-]{chapter.3}{\376\377\000M\000e\000t\000r\000i\000c\000\040\000L\000a\000m\000b\000d\000a\000\040\000C\000a\000l\000c\000u\000l\000u\000s}{}% 44
\BOOKMARK [1][-]{section.3.1}{\376\377\000T\000h\000e\000\040\000L\000a\000m\000b\000d\000a\000\040\000C\000a\000l\000c\000u\000l\000u\000s}{chapter.3}% 45
\BOOKMARK [1][-]{section.3.2}{\376\377\000S\000y\000n\000t\000a\000x}{chapter.3}% 46
\BOOKMARK [2][-]{subsection.3.2.1}{\376\377\000T\000y\000p\000e\000\040\000s\000y\000s\000t\000e\000m}{section.3.2}% 47
\BOOKMARK [2][-]{subsection.3.2.2}{\376\377\000\050\000R\000a\000w\000\051\000T\000e\000r\000m\000s}{section.3.2}% 48
\BOOKMARK [2][-]{subsection.3.2.3}{\376\377\000F\000r\000e\000e\000\040\000a\000n\000d\000\040\000B\000o\000u\000n\000d\000\040\000V\000a\000r\000i\000a\000b\000l\000e\000s}{section.3.2}% 49
\BOOKMARK [2][-]{subsection.3.2.4}{\376\377\000T\000e\000r\000m\000\040\000f\000o\000r\000m\000a\000t\000i\000o\000n\000\040\000r\000u\000l\000e\000s}{section.3.2}% 50
\BOOKMARK [2][-]{subsection.3.2.5}{\376\377\000-\000e\000q\000u\000i\000v\000a\000l\000e\000n\000c\000e}{section.3.2}% 51
\BOOKMARK [2][-]{subsection.3.2.6}{\376\377\000S\000u\000b\000s\000t\000i\000t\000u\000t\000i\000o\000n}{section.3.2}% 52
\BOOKMARK [2][-]{subsection.3.2.7}{\376\377\000P\000r\000o\000p\000e\000r\000t\000i\000e\000s}{section.3.2}% 53
\BOOKMARK [2][-]{subsection.3.2.8}{\376\377\000E\000q\000u\000a\000t\000i\000o\000n\000s\000-\000i\000n\000-\000c\000o\000n\000t\000e\000x\000t}{section.3.2}% 54
\BOOKMARK [1][-]{section.3.3}{\376\377\000M\000e\000t\000r\000i\000c\000\040\000e\000q\000u\000a\000t\000i\000o\000n\000a\000l\000\040\000s\000y\000s\000t\000e\000m}{chapter.3}% 55
\BOOKMARK [1][-]{section.3.4}{\376\377\000I\000n\000t\000e\000r\000p\000r\000e\000t\000a\000t\000i\000o\000n}{chapter.3}% 56
\BOOKMARK [2][-]{subsection.3.4.1}{\376\377\000Q\000u\000a\000n\000t\000u\000m\000\040\000L\000a\000m\000b\000d\000a\000\040\000C\000a\000l\000c\000u\000l\000u\000s}{section.3.4}% 57
\BOOKMARK [2][-]{subsection.3.4.2}{\376\377\000L\000i\000n\000e\000a\000r\000\040\000-\000c\000a\000l\000c\000u\000l\000u\000s\000\040\000m\000e\000e\000t\000s\000\040\000p\000r\000o\000b\000a\000b\000i\000l\000i\000s\000t\000i\000c\000\040\000p\000r\000o\000g\000r\000a\000m\000m\000i\000n\000g}{section.3.4}% 58
\BOOKMARK [0][-]{chapter.4}{\376\377\000C\000o\000n\000d\000i\000t\000i\000o\000n\000a\000l\000s}{}% 59
\BOOKMARK [1][-]{section.4.1}{\376\377\000S\000y\000n\000t\000a\000x}{chapter.4}% 60
\BOOKMARK [1][-]{section.4.2}{\376\377\000I\000n\000t\000e\000r\000p\000r\000e\000t\000a\000t\000i\000o\000n}{chapter.4}% 61
\BOOKMARK [1][-]{section.4.3}{\376\377\000M\000e\000t\000r\000i\000c\000\040\000E\000q\000u\000a\000t\000i\000o\000n\000s}{chapter.4}% 62
\BOOKMARK [1][-]{section.4.4}{\376\377\000E\000x\000a\000m\000p\000l\000e\000s}{chapter.4}% 63
\BOOKMARK [0][-]{chapter.5}{\376\377\000C\000o\000n\000c\000l\000u\000s\000i\000o\000n\000s\000\040\000a\000n\000d\000\040\000f\000u\000t\000u\000r\000e\000\040\000w\000o\000r\000k}{}% 64
\BOOKMARK [1][-]{section.5.1}{\376\377\000C\000o\000n\000c\000l\000u\000s\000i\000o\000n\000s}{chapter.5}% 65
\BOOKMARK [1][-]{section.5.2}{\376\377\000P\000r\000o\000s\000p\000e\000c\000t\000\040\000f\000o\000r\000\040\000f\000u\000t\000u\000r\000e\000\040\000w\000o\000r\000k}{chapter.5}% 66
