This is pdfTeX, Version 3.141592653-2.6-1.40.25 (MiKTeX 24.1) (preloaded format=pdflatex 2024.2.8)  17 MAR 2024 18:05
entering extended mode
 restricted \write18 enabled.
 file:line:error style messages enabled.
 %&-line parsing enabled.
**"c:/Users/mona_/OneDrive/Ambiente de Trabalho/Universidade/Tese/Msc-Bruna/project/msc_latex_template_alternative/dissertation.tex"
(c:/Users/mona_/OneDrive/Ambiente de Trabalho/Universidade/Tese/Msc-Bruna/project/msc_latex_template_alternative/dissertation.tex
LaTeX2e <2023-11-01> patch level 1
L3 programming layer <2024-01-22>
(C:\Users\mona_\AppData\Local\Programs\MiKTeX\tex/latex/base\report.cls
Document Class: report 2023/05/17 v1.4n Standard LaTeX document class
(C:\Users\mona_\AppData\Local\Programs\MiKTeX\tex/latex/base\fleqn.clo
File: fleqn.clo 2016/12/29 v1.2b Standard LaTeX option (flush left equations)
\mathindent=\skip48
Applying: [2015/01/01] Make \[ robust on input line 50.
LaTeX Info: Redefining \[ on input line 51.
Already applied: [0000/00/00] Make \[ robust on input line 62.
Applying: [2015/01/01] Make \] robust on input line 74.
LaTeX Info: Redefining \] on input line 75.
Already applied: [0000/00/00] Make \] robust on input line 83.
) (C:\Users\mona_\AppData\Local\Programs\MiKTeX\tex/latex/base\size12.clo
File: size12.clo 2023/05/17 v1.4n Standard LaTeX file (size option)
)
\c@part=\count187
\c@chapter=\count188
\c@section=\count189
\c@subsection=\count190
\c@subsubsection=\count191
\c@paragraph=\count192
\c@subparagraph=\count193
\c@figure=\count194
\c@table=\count195
\abovecaptionskip=\skip49
\belowcaptionskip=\skip50
\bibindent=\dimen140
) (dissertation.sty (C:\Users\mona_\AppData\Local\Programs\MiKTeX\tex/generic/babel\babel.sty
Package: babel 2024/01/07 v24.1 The Babel package
\babel@savecnt=\count196
\U@D=\dimen141
\l@unhyphenated=\language79
 (C:\Users\mona_\AppData\Local\Programs\MiKTeX\tex/generic/babel\txtbabel.def)
\bbl@readstream=\read2
\bbl@dirlevel=\count197

*************************************
* Local config file bblopts.cfg used
*
(C:\Users\mona_\AppData\Local\Programs\MiKTeX\tex/latex/arabi\bblopts.cfg
File: bblopts.cfg 2005/09/08 v0.1 add Arabic and Farsi to "declared" options of babel
) (C:\Users\mona_\AppData\Local\Programs\MiKTeX\tex/latex/babel-portuges\portuguese.ldf
Language: portuges 2021/07/09 v1.2t Portuguese support from the babel system
Package babel Info: Making " an active character on input line 143.
) (C:\Users\mona_\AppData\Local\Programs\MiKTeX\tex/latex/babel-english\english.ldf
Language: english 2017/06/06 v3.3r English support from the babel system
Package babel Info: Hyphen rules for 'canadian' set to \l@english
(babel)             (\language0). Reported on input line 102.
Package babel Info: Hyphen rules for 'australian' set to \l@ukenglish
(babel)             (\language73). Reported on input line 105.
Package babel Info: Hyphen rules for 'newzealand' set to \l@ukenglish
(babel)             (\language73). Reported on input line 108.
)) (C:\Users\mona_\AppData\Local\Programs\MiKTeX\tex/generic/babel/locale/en\babel-english.tex
Package babel Info: Importing font and identification data for english
(babel)             from babel-en.ini. Reported on input line 11.
) (C:\Users\mona_\AppData\Local\Programs\MiKTeX\tex/generic/babel/locale/pt\babel-portuguese.tex
Package babel Info: Importing font and identification data for portuguese
(babel)             from babel-pt.ini. Reported on input line 11.
) (C:\Users\mona_\AppData\Local\Programs\MiKTeX\tex/latex/base\inputenc.sty
Package: inputenc 2021/02/14 v1.3d Input encoding file
\inpenc@prehook=\toks17
\inpenc@posthook=\toks18
) (C:\Users\mona_\AppData\Local\Programs\MiKTeX\tex/latex/geometry\geometry.sty
Package: geometry 2020/01/02 v5.9 Page Geometry
 (C:\Users\mona_\AppData\Local\Programs\MiKTeX\tex/latex/graphics\keyval.sty
Package: keyval 2022/05/29 v1.15 key=value parser (DPC)
\KV@toks@=\toks19
) (C:\Users\mona_\AppData\Local\Programs\MiKTeX\tex/generic/iftex\ifvtex.sty
Package: ifvtex 2019/10/25 v1.7 ifvtex legacy package. Use iftex instead.
 (C:\Users\mona_\AppData\Local\Programs\MiKTeX\tex/generic/iftex\iftex.sty
Package: iftex 2022/02/03 v1.0f TeX engine tests
))
\Gm@cnth=\count198
\Gm@cntv=\count199
\c@Gm@tempcnt=\count266
\Gm@bindingoffset=\dimen142
\Gm@wd@mp=\dimen143
\Gm@odd@mp=\dimen144
\Gm@even@mp=\dimen145
\Gm@layoutwidth=\dimen146
\Gm@layoutheight=\dimen147
\Gm@layouthoffset=\dimen148
\Gm@layoutvoffset=\dimen149
\Gm@dimlist=\toks20
 (C:\Users\mona_\AppData\Local\Programs\MiKTeX\tex/latex/geometry\geometry.cfg)) (C:\Users\mona_\AppData\Local\Programs\MiKTeX\tex/latex/caption\subcaption.sty
Package: subcaption 2023/07/28 v1.6b Sub-captions (AR)
 (C:\Users\mona_\AppData\Local\Programs\MiKTeX\tex/latex/caption\caption.sty
Package: caption 2023/08/05 v3.6o Customizing captions (AR)
 (C:\Users\mona_\AppData\Local\Programs\MiKTeX\tex/latex/caption\caption3.sty
Package: caption3 2023/07/31 v2.4d caption3 kernel (AR)
\caption@tempdima=\dimen150
\captionmargin=\dimen151
\caption@leftmargin=\dimen152
\caption@rightmargin=\dimen153
\caption@width=\dimen154
\caption@indent=\dimen155
\caption@parindent=\dimen156
\caption@hangindent=\dimen157
Package caption Info: Standard document class detected.
)
\c@caption@flags=\count267
\c@continuedfloat=\count268
)
Package caption Info: New subtype `subfigure' on input line 238.
\c@subfigure=\count269
Package caption Info: New subtype `subtable' on input line 238.
\c@subtable=\count270
) (C:\Users\mona_\AppData\Local\Programs\MiKTeX\tex/latex/adjustbox\adjustbox.sty
Package: adjustbox 2022/10/17 v1.3a Adjusting TeX boxes (trim, clip, ...)
 (C:\Users\mona_\AppData\Local\Programs\MiKTeX\tex/latex/xkeyval\xkeyval.sty
Package: xkeyval 2022/06/16 v2.9 package option processing (HA)
 (C:\Users\mona_\AppData\Local\Programs\MiKTeX\tex/generic/xkeyval\xkeyval.tex (C:\Users\mona_\AppData\Local\Programs\MiKTeX\tex/generic/xkeyval\xkvutils.tex
\XKV@toks=\toks21
\XKV@tempa@toks=\toks22
)
\XKV@depth=\count271
File: xkeyval.tex 2014/12/03 v2.7a key=value parser (HA)
)) (C:\Users\mona_\AppData\Local\Programs\MiKTeX\tex/latex/adjustbox\adjcalc.sty
Package: adjcalc 2012/05/16 v1.1 Provides advanced setlength with multiple back-ends (calc, etex, pgfmath)
) (C:\Users\mona_\AppData\Local\Programs\MiKTeX\tex/latex/adjustbox\trimclip.sty
Package: trimclip 2020/08/19 v1.2 Trim and clip general TeX material
 (C:\Users\mona_\AppData\Local\Programs\MiKTeX\tex/latex/graphics\graphicx.sty
Package: graphicx 2021/09/16 v1.2d Enhanced LaTeX Graphics (DPC,SPQR)
 (C:\Users\mona_\AppData\Local\Programs\MiKTeX\tex/latex/graphics\graphics.sty
Package: graphics 2022/03/10 v1.4e Standard LaTeX Graphics (DPC,SPQR)
 (C:\Users\mona_\AppData\Local\Programs\MiKTeX\tex/latex/graphics\trig.sty
Package: trig 2021/08/11 v1.11 sin cos tan (DPC)
) (C:\Users\mona_\AppData\Local\Programs\MiKTeX\tex/latex/graphics-cfg\graphics.cfg
File: graphics.cfg 2016/06/04 v1.11 sample graphics configuration
)
Package graphics Info: Driver file: pdftex.def on input line 107.
 (C:\Users\mona_\AppData\Local\Programs\MiKTeX\tex/latex/graphics-def\pdftex.def
File: pdftex.def 2022/09/22 v1.2b Graphics/color driver for pdftex
))
\Gin@req@height=\dimen158
\Gin@req@width=\dimen159
) (C:\Users\mona_\AppData\Local\Programs\MiKTeX\tex/latex/collectbox\collectbox.sty
Package: collectbox 2022/10/17 v0.4c Collect macro arguments as boxes
\collectedbox=\box51
)
\tc@llx=\dimen160
\tc@lly=\dimen161
\tc@urx=\dimen162
\tc@ury=\dimen163
Package trimclip Info: Using driver 'tc-pdftex.def'.
 (C:\Users\mona_\AppData\Local\Programs\MiKTeX\tex/latex/adjustbox\tc-pdftex.def
File: tc-pdftex.def 2019/01/04 v2.2 Clipping driver for pdftex
))
\adjbox@Width=\dimen164
\adjbox@Height=\dimen165
\adjbox@Depth=\dimen166
\adjbox@Totalheight=\dimen167
\adjbox@pwidth=\dimen168
\adjbox@pheight=\dimen169
\adjbox@pdepth=\dimen170
\adjbox@ptotalheight=\dimen171
 (C:\Users\mona_\AppData\Local\Programs\MiKTeX\tex/latex/ifoddpage\ifoddpage.sty
Package: ifoddpage 2022/10/18 v1.2 Conditionals for odd/even page detection
\c@checkoddpage=\count272
) (C:\Users\mona_\AppData\Local\Programs\MiKTeX\tex/latex/varwidth\varwidth.sty
Package: varwidth 2009/03/30 ver 0.92;  Variable-width minipages
\@vwid@box=\box52
\sift@deathcycles=\count273
\@vwid@loff=\dimen172
\@vwid@roff=\dimen173
)) (C:\Users\mona_\AppData\Local\Programs\MiKTeX\tex/latex/titling\titling.sty
Package: titling 2009/09/04 v2.1d maketitle typesetting
\thanksmarkwidth=\skip51
\thanksmargin=\skip52
\droptitle=\skip53
) (C:\Users\mona_\AppData\Local\Programs\MiKTeX\tex/latex/hyperref\hyperref.sty
Package: hyperref 2024-01-20 v7.01h Hypertext links for LaTeX
 (C:\Users\mona_\AppData\Local\Programs\MiKTeX\tex/latex/kvsetkeys\kvsetkeys.sty
Package: kvsetkeys 2022-10-05 v1.19 Key value parser (HO)
) (C:\Users\mona_\AppData\Local\Programs\MiKTeX\tex/generic/kvdefinekeys\kvdefinekeys.sty
Package: kvdefinekeys 2019-12-19 v1.6 Define keys (HO)
) (C:\Users\mona_\AppData\Local\Programs\MiKTeX\tex/generic/pdfescape\pdfescape.sty
Package: pdfescape 2019/12/09 v1.15 Implements pdfTeX's escape features (HO)
 (C:\Users\mona_\AppData\Local\Programs\MiKTeX\tex/generic/ltxcmds\ltxcmds.sty
Package: ltxcmds 2023-12-04 v1.26 LaTeX kernel commands for general use (HO)
) (C:\Users\mona_\AppData\Local\Programs\MiKTeX\tex/generic/pdftexcmds\pdftexcmds.sty
Package: pdftexcmds 2020-06-27 v0.33 Utility functions of pdfTeX for LuaTeX (HO)
 (C:\Users\mona_\AppData\Local\Programs\MiKTeX\tex/generic/infwarerr\infwarerr.sty
Package: infwarerr 2019/12/03 v1.5 Providing info/warning/error messages (HO)
)
Package pdftexcmds Info: \pdf@primitive is available.
Package pdftexcmds Info: \pdf@ifprimitive is available.
Package pdftexcmds Info: \pdfdraftmode found.
)) (C:\Users\mona_\AppData\Local\Programs\MiKTeX\tex/latex/hycolor\hycolor.sty
Package: hycolor 2020-01-27 v1.10 Color options for hyperref/bookmark (HO)
) (C:\Users\mona_\AppData\Local\Programs\MiKTeX\tex/latex/auxhook\auxhook.sty
Package: auxhook 2019-12-17 v1.6 Hooks for auxiliary files (HO)
) (C:\Users\mona_\AppData\Local\Programs\MiKTeX\tex/latex/hyperref\nameref.sty
Package: nameref 2023-11-26 v2.56 Cross-referencing by name of section
 (C:\Users\mona_\AppData\Local\Programs\MiKTeX\tex/latex/refcount\refcount.sty
Package: refcount 2019/12/15 v3.6 Data extraction from label references (HO)
) (C:\Users\mona_\AppData\Local\Programs\MiKTeX\tex/generic/gettitlestring\gettitlestring.sty
Package: gettitlestring 2019/12/15 v1.6 Cleanup title references (HO)
 (C:\Users\mona_\AppData\Local\Programs\MiKTeX\tex/latex/kvoptions\kvoptions.sty
Package: kvoptions 2022-06-15 v3.15 Key value format for package options (HO)
))
\c@section@level=\count274
) (C:\Users\mona_\AppData\Local\Programs\MiKTeX\tex/latex/etoolbox\etoolbox.sty
Package: etoolbox 2020/10/05 v2.5k e-TeX tools for LaTeX (JAW)
\etb@tempcnta=\count275
)
\@linkdim=\dimen174
\Hy@linkcounter=\count276
\Hy@pagecounter=\count277
 (C:\Users\mona_\AppData\Local\Programs\MiKTeX\tex/latex/hyperref\pd1enc.def
File: pd1enc.def 2024-01-20 v7.01h Hyperref: PDFDocEncoding definition (HO)
Now handling font encoding PD1 ...
... no UTF-8 mapping file for font encoding PD1
) (C:\Users\mona_\AppData\Local\Programs\MiKTeX\tex/generic/intcalc\intcalc.sty
Package: intcalc 2019/12/15 v1.3 Expandable calculations with integers (HO)
)
\Hy@SavedSpaceFactor=\count278
 (C:\Users\mona_\AppData\Local\Programs\MiKTeX\tex/latex/hyperref\puenc.def
File: puenc.def 2024-01-20 v7.01h Hyperref: PDF Unicode definition (HO)
Now handling font encoding PU ...
... no UTF-8 mapping file for font encoding PU
)
Package hyperref Info: Hyper figures OFF on input line 4179.
Package hyperref Info: Link nesting OFF on input line 4184.
Package hyperref Info: Hyper index ON on input line 4187.
Package hyperref Info: Plain pages OFF on input line 4194.
Package hyperref Info: Backreferencing OFF on input line 4199.
Package hyperref Info: Implicit mode ON; LaTeX internals redefined.
Package hyperref Info: Bookmarks ON on input line 4446.
\c@Hy@tempcnt=\count279
 (C:\Users\mona_\AppData\Local\Programs\MiKTeX\tex/latex/url\url.sty
\Urlmuskip=\muskip16
Package: url 2013/09/16  ver 3.4  Verb mode for urls, etc.
)
LaTeX Info: Redefining \url on input line 4784.
\XeTeXLinkMargin=\dimen175
 (C:\Users\mona_\AppData\Local\Programs\MiKTeX\tex/generic/bitset\bitset.sty
Package: bitset 2019/12/09 v1.3 Handle bit-vector datatype (HO)
 (C:\Users\mona_\AppData\Local\Programs\MiKTeX\tex/generic/bigintcalc\bigintcalc.sty
Package: bigintcalc 2019/12/15 v1.5 Expandable calculations on big integers (HO)
))
\Fld@menulength=\count280
\Field@Width=\dimen176
\Fld@charsize=\dimen177
Package hyperref Info: Hyper figures OFF on input line 6063.
Package hyperref Info: Link nesting OFF on input line 6068.
Package hyperref Info: Hyper index ON on input line 6071.
Package hyperref Info: backreferencing OFF on input line 6078.
Package hyperref Info: Link coloring OFF on input line 6083.
Package hyperref Info: Link coloring with OCG OFF on input line 6088.
Package hyperref Info: PDF/A mode OFF on input line 6093.
 (C:\Users\mona_\AppData\Local\Programs\MiKTeX\tex/latex/base\atbegshi-ltx.sty
Package: atbegshi-ltx 2021/01/10 v1.0c Emulation of the original atbegshi
package with kernel methods
)
\Hy@abspage=\count281
\c@Item=\count282
\c@Hfootnote=\count283
)
Package hyperref Info: Driver (autodetected): hpdftex.
 (C:\Users\mona_\AppData\Local\Programs\MiKTeX\tex/latex/hyperref\hpdftex.def
File: hpdftex.def 2024-01-20 v7.01h Hyperref driver for pdfTeX
 (C:\Users\mona_\AppData\Local\Programs\MiKTeX\tex/latex/base\atveryend-ltx.sty
Package: atveryend-ltx 2020/08/19 v1.0a Emulation of the original atveryend package
with kernel methods
)
\Fld@listcount=\count284
\c@bookmark@seq@number=\count285
 (C:\Users\mona_\AppData\Local\Programs\MiKTeX\tex/latex/rerunfilecheck\rerunfilecheck.sty
Package: rerunfilecheck 2022-07-10 v1.10 Rerun checks for auxiliary files (HO)
 (C:\Users\mona_\AppData\Local\Programs\MiKTeX\tex/generic/uniquecounter\uniquecounter.sty
Package: uniquecounter 2019/12/15 v1.4 Provide unlimited unique counter (HO)
)
Package uniquecounter Info: New unique counter `rerunfilecheck' on input line 285.
)
\Hy@SectionHShift=\skip54
) (C:\Users\mona_\AppData\Local\Programs\MiKTeX\tex/latex/natbib\natbib.sty
Package: natbib 2010/09/13 8.31b (PWD, AO)
\bibhang=\skip55
\bibsep=\skip56
LaTeX Info: Redefining \cite on input line 694.
\c@NAT@ctr=\count286
) (C:\Users\mona_\AppData\Local\Programs\MiKTeX\tex/latex/tools\afterpage.sty
Package: afterpage 2023/07/04 v1.08 After-Page Package (DPC)
\AP@output=\toks23
\AP@partial=\box53
\AP@footins=\box54
) (C:\Users\mona_\AppData\Local\Programs\MiKTeX\tex/latex/datetime\datetime.sty
Package: datetime 2015/03/20 v2.60 Date Time Package
 (C:\Users\mona_\AppData\Local\Programs\MiKTeX\tex/latex/fmtcount\fmtcount.sty
Package: fmtcount 2020/01/30 v3.07
 (C:\Users\mona_\AppData\Local\Programs\MiKTeX\tex/latex/base\ifthen.sty
Package: ifthen 2022/04/13 v1.1d Standard LaTeX ifthen package (DPC)
) (C:\Users\mona_\AppData\Local\Programs\MiKTeX\tex/latex/fmtcount\fcprefix.sty
Package: fcprefix 2012/09/28
 (C:\Users\mona_\AppData\Local\Programs\MiKTeX\tex/latex/fmtcount\fcnumparser.sty
Package: fcnumparser 2017/06/15
\fc@digit@counter=\count287
)) (C:\Users\mona_\AppData\Local\Programs\MiKTeX\tex/latex/amsmath\amsgen.sty
File: amsgen.sty 1999/11/30 v2.0 generic functions
\@emptytoks=\toks24
\ex@=\dimen178
)
\c@padzeroesN=\count288
\fc@tmpcatcode=\count289
 (C:\Users\mona_\AppData\Local\Programs\MiKTeX\tex/latex/fmtcount\fc-english.def
File: fc-english.def 2016/01/12
) (C:\Users\mona_\AppData\Local\Programs\MiKTeX\tex/latex/fmtcount\fc-portuges.def
File: fc-portuges.def 2017/12/26
)
\@DT@modctr=\count290
\@ordinalctr=\count291
\@orgargctr=\count292
\@strctr=\count293
\@tmpstrctr=\count294
\@DT@loopN=\count295
\@DT@X=\count296
) (C:\Users\mona_\AppData\Local\Programs\MiKTeX\tex/latex/datetime\datetime-defaults.sty
Package: datetime-defaults 2013/09/10
)
\@day=\count297
\@month=\count298
\@year=\count299
\c@HOUR=\count300
\c@HOURXII=\count301
\c@MINUTE=\count302
\c@TOHOUR=\count303
\c@TOMINUTE=\count304
\c@SECOND=\count305
\currenthour=\count306
\currentminute=\count307
\currentsecond=\count308
Package datetime Info: No datetime.cfg file found, using default settings on input line 308.
\@dtctr=\count309
\dayofyear=\count310
\dayofweek=\count311
LaTeX Info: Redefining \today on input line 736.
\dt@a=\toks25
\dt@b=\toks26
) (C:\Users\mona_\AppData\Local\Programs\MiKTeX\tex/latex/csquotes\csquotes.sty
Package: csquotes 2022-09-14 v5.2n context-sensitive quotations (JAW)
\csq@reset=\count312
\csq@gtype=\count313
\csq@glevel=\count314
\csq@qlevel=\count315
\csq@maxlvl=\count316
\csq@tshold=\count317
\csq@ltx@everypar=\toks27
 (C:\Users\mona_\AppData\Local\Programs\MiKTeX\tex/latex/csquotes\csquotes.def
File: csquotes.def 2022-09-14 v5.2n csquotes generic definitions (JAW)
)
Package csquotes Info: Trying to load configuration file 'csquotes.cfg'...
Package csquotes Info: ... configuration file loaded successfully.
 (C:\Users\mona_\AppData\Local\Programs\MiKTeX\tex/latex/csquotes\csquotes.cfg
File: csquotes.cfg 
)) (C:\Users\mona_\AppData\Local\Programs\MiKTeX\tex/latex/amsmath\amsmath.sty
Package: amsmath 2023/05/13 v2.17o AMS math features
\@mathmargin=\skip57

For additional information on amsmath, use the `?' option.
(C:\Users\mona_\AppData\Local\Programs\MiKTeX\tex/latex/amsmath\amstext.sty
Package: amstext 2021/08/26 v2.01 AMS text
) (C:\Users\mona_\AppData\Local\Programs\MiKTeX\tex/latex/amsmath\amsbsy.sty
Package: amsbsy 1999/11/29 v1.2d Bold Symbols
\pmbraise@=\dimen179
) (C:\Users\mona_\AppData\Local\Programs\MiKTeX\tex/latex/amsmath\amsopn.sty
Package: amsopn 2022/04/08 v2.04 operator names
)
\inf@bad=\count318
LaTeX Info: Redefining \frac on input line 234.
\uproot@=\count319
\leftroot@=\count320
LaTeX Info: Redefining \overline on input line 399.
LaTeX Info: Redefining \colon on input line 410.
\classnum@=\count321
\DOTSCASE@=\count322
LaTeX Info: Redefining \ldots on input line 496.
LaTeX Info: Redefining \dots on input line 499.
LaTeX Info: Redefining \cdots on input line 620.
\Mathstrutbox@=\box55
\strutbox@=\box56
LaTeX Info: Redefining \big on input line 722.
LaTeX Info: Redefining \Big on input line 723.
LaTeX Info: Redefining \bigg on input line 724.
LaTeX Info: Redefining \Bigg on input line 725.
\big@size=\dimen180
LaTeX Font Info:    Redeclaring font encoding OML on input line 743.
LaTeX Font Info:    Redeclaring font encoding OMS on input line 744.
\macc@depth=\count323
LaTeX Info: Redefining \bmod on input line 905.
LaTeX Info: Redefining \pmod on input line 910.
LaTeX Info: Redefining \smash on input line 940.
LaTeX Info: Redefining \relbar on input line 970.
LaTeX Info: Redefining \Relbar on input line 971.
\c@MaxMatrixCols=\count324
\dotsspace@=\muskip17
\c@parentequation=\count325
\dspbrk@lvl=\count326
\tag@help=\toks28
\row@=\count327
\column@=\count328
\maxfields@=\count329
\andhelp@=\toks29
\eqnshift@=\dimen181
\alignsep@=\dimen182
\tagshift@=\dimen183
\tagwidth@=\dimen184
\totwidth@=\dimen185
\lineht@=\dimen186
\@envbody=\toks30
\multlinegap=\skip58
\multlinetaggap=\skip59
\mathdisplay@stack=\toks31
LaTeX Info: Redefining \[ on input line 2953.
LaTeX Info: Redefining \] on input line 2954.
) (C:\Users\mona_\AppData\Local\Programs\MiKTeX\tex/latex/amscls\amsthm.sty
Package: amsthm 2020/05/29 v2.20.6
\thm@style=\toks32
\thm@bodyfont=\toks33
\thm@headfont=\toks34
\thm@notefont=\toks35
\thm@headpunct=\toks36
\thm@preskip=\skip60
\thm@postskip=\skip61
\thm@headsep=\skip62
\dth@everypar=\toks37
) (C:\Users\mona_\AppData\Local\Programs\MiKTeX\tex/latex/amsfonts\amssymb.sty
Package: amssymb 2013/01/14 v3.01 AMS font symbols
 (C:\Users\mona_\AppData\Local\Programs\MiKTeX\tex/latex/amsfonts\amsfonts.sty
Package: amsfonts 2013/01/14 v3.01 Basic AMSFonts support
\symAMSa=\mathgroup4
\symAMSb=\mathgroup5
LaTeX Font Info:    Redeclaring math symbol \hbar on input line 98.
LaTeX Font Info:    Overwriting math alphabet `\mathfrak' in version `bold'
(Font)                  U/euf/m/n --> U/euf/b/n on input line 106.
)) (C:\Users\mona_\AppData\Local\Programs\MiKTeX\tex/latex/stmaryrd\stmaryrd.sty
Package: stmaryrd 1994/03/03 St Mary's Road symbol package
\symstmry=\mathgroup6
LaTeX Font Info:    Overwriting symbol font `stmry' in version `bold'
(Font)                  U/stmry/m/n --> U/stmry/b/n on input line 89.
) (C:\Users\mona_\AppData\Local\Programs\MiKTeX\tex/latex/mathtools\mathtools.sty
Package: mathtools 2022/06/29 v1.29 mathematical typesetting tools
 (C:\Users\mona_\AppData\Local\Programs\MiKTeX\tex/latex/tools\calc.sty
Package: calc 2023/07/08 v4.3 Infix arithmetic (KKT,FJ)
\calc@Acount=\count330
\calc@Bcount=\count331
\calc@Adimen=\dimen187
\calc@Bdimen=\dimen188
\calc@Askip=\skip63
\calc@Bskip=\skip64
LaTeX Info: Redefining \setlength on input line 80.
LaTeX Info: Redefining \addtolength on input line 81.
\calc@Ccount=\count332
\calc@Cskip=\skip65
) (C:\Users\mona_\AppData\Local\Programs\MiKTeX\tex/latex/mathtools\mhsetup.sty
Package: mhsetup 2021/03/18 v1.4 programming setup (MH)
)
\g_MT_multlinerow_int=\count333
\l_MT_multwidth_dim=\dimen189
\origjot=\skip66
\l_MT_shortvdotswithinadjustabove_dim=\dimen190
\l_MT_shortvdotswithinadjustbelow_dim=\dimen191
\l_MT_above_intertext_sep=\dimen192
\l_MT_below_intertext_sep=\dimen193
\l_MT_above_shortintertext_sep=\dimen194
\l_MT_below_shortintertext_sep=\dimen195
\xmathstrut@box=\box57
\xmathstrut@dim=\dimen196
) (C:\Users\mona_\AppData\Local\Programs\MiKTeX\tex/latex/listings\listings.sty
\lst@mode=\count334
\lst@gtempboxa=\box58
\lst@token=\toks38
\lst@length=\count335
\lst@currlwidth=\dimen197
\lst@column=\count336
\lst@pos=\count337
\lst@lostspace=\dimen198
\lst@width=\dimen199
\lst@newlines=\count338
\lst@lineno=\count339
\lst@maxwidth=\dimen256
 (C:\Users\mona_\AppData\Local\Programs\MiKTeX\tex/latex/listings\lstmisc.sty
File: lstmisc.sty 2023/02/27 1.9 (Carsten Heinz)
\c@lstnumber=\count340
\lst@skipnumbers=\count341
\lst@framebox=\box59
) (C:\Users\mona_\AppData\Local\Programs\MiKTeX\tex/latex/listings\listings.cfg
File: listings.cfg 2023/02/27 1.9 listings configuration
))
Package: listings 2023/02/27 1.9 (Carsten Heinz)
 (C:\Users\mona_\AppData\Local\Programs\MiKTeX\tex/latex/titlesec\titlesec.sty
Package: titlesec 2023/10/27 v2.16 Sectioning titles
\ttl@box=\box60
\beforetitleunit=\skip67
\aftertitleunit=\skip68
\ttl@plus=\dimen257
\ttl@minus=\dimen258
\ttl@toksa=\toks39
\titlewidth=\dimen259
\titlewidthlast=\dimen260
\titlewidthfirst=\dimen261
) (C:\Users\mona_\AppData\Local\Programs\MiKTeX\tex/latex/multirow\multirow.sty
Package: multirow 2021/03/15 v2.8 Span multiple rows of a table
\multirow@colwidth=\skip69
\multirow@cntb=\count342
\multirow@dima=\skip70
\bigstrutjot=\dimen262
) (C:\Users\mona_\AppData\Local\Programs\MiKTeX\tex/latex/epigraph\epigraph.sty
Package: epigraph 2020/01/02 v1.5e typesetting epigraphs
 (C:\Users\mona_\AppData\Local\Programs\MiKTeX\tex/latex/nextpage\nextpage.sty
Package: nextpage 2009/09/03 v1.1a additional page commands
)
\beforeepigraphskip=\skip71
\afterepigraphskip=\skip72
\epigraphwidth=\skip73
\epigraphrule=\skip74
) (C:\Users\mona_\AppData\Local\Programs\MiKTeX\tex/latex/tcolorbox\tcolorbox.sty
Package: tcolorbox 2024/01/10 version 6.2.0 text color boxes
 (C:\Users\mona_\AppData\Local\Programs\MiKTeX\tex/latex/pgf/basiclayer\pgf.sty (C:\Users\mona_\AppData\Local\Programs\MiKTeX\tex/latex/pgf/utilities\pgfrcs.sty (C:\Users\mona_\AppData\Local\Programs\MiKTeX\tex/generic/pgf/utilities\pgfutil-common.tex
\pgfutil@everybye=\toks40
\pgfutil@tempdima=\dimen263
\pgfutil@tempdimb=\dimen264
) (C:\Users\mona_\AppData\Local\Programs\MiKTeX\tex/generic/pgf/utilities\pgfutil-latex.def
\pgfutil@abb=\box61
) (C:\Users\mona_\AppData\Local\Programs\MiKTeX\tex/generic/pgf/utilities\pgfrcs.code.tex (C:\Users\mona_\AppData\Local\Programs\MiKTeX\tex/generic/pgf\pgf.revision.tex)
Package: pgfrcs 2023-01-15 v3.1.10 (3.1.10)
))
Package: pgf 2023-01-15 v3.1.10 (3.1.10)
 (C:\Users\mona_\AppData\Local\Programs\MiKTeX\tex/latex/pgf/basiclayer\pgfcore.sty (C:\Users\mona_\AppData\Local\Programs\MiKTeX\tex/latex/pgf/systemlayer\pgfsys.sty (C:\Users\mona_\AppData\Local\Programs\MiKTeX\tex/generic/pgf/systemlayer\pgfsys.code.tex
Package: pgfsys 2023-01-15 v3.1.10 (3.1.10)
 (C:\Users\mona_\AppData\Local\Programs\MiKTeX\tex/generic/pgf/utilities\pgfkeys.code.tex
\pgfkeys@pathtoks=\toks41
\pgfkeys@temptoks=\toks42
 (C:\Users\mona_\AppData\Local\Programs\MiKTeX\tex/generic/pgf/utilities\pgfkeyslibraryfiltered.code.tex
\pgfkeys@tmptoks=\toks43
))
\pgf@x=\dimen265
\pgf@y=\dimen266
\pgf@xa=\dimen267
\pgf@ya=\dimen268
\pgf@xb=\dimen269
\pgf@yb=\dimen270
\pgf@xc=\dimen271
\pgf@yc=\dimen272
\pgf@xd=\dimen273
\pgf@yd=\dimen274
\w@pgf@writea=\write3
\r@pgf@reada=\read3
\c@pgf@counta=\count343
\c@pgf@countb=\count344
\c@pgf@countc=\count345
\c@pgf@countd=\count346
\t@pgf@toka=\toks44
\t@pgf@tokb=\toks45
\t@pgf@tokc=\toks46
\pgf@sys@id@count=\count347
 (C:\Users\mona_\AppData\Local\Programs\MiKTeX\tex/generic/pgf/systemlayer\pgf.cfg
File: pgf.cfg 2023-01-15 v3.1.10 (3.1.10)
)
Driver file for pgf: pgfsys-pdftex.def
 (C:\Users\mona_\AppData\Local\Programs\MiKTeX\tex/generic/pgf/systemlayer\pgfsys-pdftex.def
File: pgfsys-pdftex.def 2023-01-15 v3.1.10 (3.1.10)
 (C:\Users\mona_\AppData\Local\Programs\MiKTeX\tex/generic/pgf/systemlayer\pgfsys-common-pdf.def
File: pgfsys-common-pdf.def 2023-01-15 v3.1.10 (3.1.10)
))) (C:\Users\mona_\AppData\Local\Programs\MiKTeX\tex/generic/pgf/systemlayer\pgfsyssoftpath.code.tex
File: pgfsyssoftpath.code.tex 2023-01-15 v3.1.10 (3.1.10)
\pgfsyssoftpath@smallbuffer@items=\count348
\pgfsyssoftpath@bigbuffer@items=\count349
) (C:\Users\mona_\AppData\Local\Programs\MiKTeX\tex/generic/pgf/systemlayer\pgfsysprotocol.code.tex
File: pgfsysprotocol.code.tex 2023-01-15 v3.1.10 (3.1.10)
)) (C:\Users\mona_\AppData\Local\Programs\MiKTeX\tex/latex/xcolor\xcolor.sty
Package: xcolor 2023/11/15 v3.01 LaTeX color extensions (UK)
 (C:\Users\mona_\AppData\Local\Programs\MiKTeX\tex/latex/graphics-cfg\color.cfg
File: color.cfg 2016/01/02 v1.6 sample color configuration
)
Package xcolor Info: Driver file: pdftex.def on input line 274.
 (C:\Users\mona_\AppData\Local\Programs\MiKTeX\tex/latex/graphics\mathcolor.ltx)
Package xcolor Info: Model `cmy' substituted by `cmy0' on input line 1350.
Package xcolor Info: Model `hsb' substituted by `rgb' on input line 1354.
Package xcolor Info: Model `RGB' extended on input line 1366.
Package xcolor Info: Model `HTML' substituted by `rgb' on input line 1368.
Package xcolor Info: Model `Hsb' substituted by `hsb' on input line 1369.
Package xcolor Info: Model `tHsb' substituted by `hsb' on input line 1370.
Package xcolor Info: Model `HSB' substituted by `hsb' on input line 1371.
Package xcolor Info: Model `Gray' substituted by `gray' on input line 1372.
Package xcolor Info: Model `wave' substituted by `hsb' on input line 1373.
) (C:\Users\mona_\AppData\Local\Programs\MiKTeX\tex/generic/pgf/basiclayer\pgfcore.code.tex
Package: pgfcore 2023-01-15 v3.1.10 (3.1.10)
 (C:\Users\mona_\AppData\Local\Programs\MiKTeX\tex/generic/pgf/math\pgfmath.code.tex (C:\Users\mona_\AppData\Local\Programs\MiKTeX\tex/generic/pgf/math\pgfmathutil.code.tex) (C:\Users\mona_\AppData\Local\Programs\MiKTeX\tex/generic/pgf/math\pgfmathparser.code.tex
\pgfmath@dimen=\dimen275
\pgfmath@count=\count350
\pgfmath@box=\box62
\pgfmath@toks=\toks47
\pgfmath@stack@operand=\toks48
\pgfmath@stack@operation=\toks49
) (C:\Users\mona_\AppData\Local\Programs\MiKTeX\tex/generic/pgf/math\pgfmathfunctions.code.tex) (C:\Users\mona_\AppData\Local\Programs\MiKTeX\tex/generic/pgf/math\pgfmathfunctions.basic.code.tex) (C:\Users\mona_\AppData\Local\Programs\MiKTeX\tex/generic/pgf/math\pgfmathfunctions.trigonometric.code.tex) (C:\Users\mona_\AppData\Local\Programs\MiKTeX\tex/generic/pgf/math\pgfmathfunctions.random.code.tex) (C:\Users\mona_\AppData\Local\Programs\MiKTeX\tex/generic/pgf/math\pgfmathfunctions.comparison.code.tex) (C:\Users\mona_\AppData\Local\Programs\MiKTeX\tex/generic/pgf/math\pgfmathfunctions.base.code.tex) (C:\Users\mona_\AppData\Local\Programs\MiKTeX\tex/generic/pgf/math\pgfmathfunctions.round.code.tex) (C:\Users\mona_\AppData\Local\Programs\MiKTeX\tex/generic/pgf/math\pgfmathfunctions.misc.code.tex) (C:\Users\mona_\AppData\Local\Programs\MiKTeX\tex/generic/pgf/math\pgfmathfunctions.integerarithmetics.code.tex) (C:\Users\mona_\AppData\Local\Programs\MiKTeX\tex/generic/pgf/math\pgfmathcalc.code.tex) (C:\Users\mona_\AppData\Local\Programs\MiKTeX\tex/generic/pgf/math\pgfmathfloat.code.tex
\c@pgfmathroundto@lastzeros=\count351
)) (C:\Users\mona_\AppData\Local\Programs\MiKTeX\tex/generic/pgf/math\pgfint.code.tex) (C:\Users\mona_\AppData\Local\Programs\MiKTeX\tex/generic/pgf/basiclayer\pgfcorepoints.code.tex
File: pgfcorepoints.code.tex 2023-01-15 v3.1.10 (3.1.10)
\pgf@picminx=\dimen276
\pgf@picmaxx=\dimen277
\pgf@picminy=\dimen278
\pgf@picmaxy=\dimen279
\pgf@pathminx=\dimen280
\pgf@pathmaxx=\dimen281
\pgf@pathminy=\dimen282
\pgf@pathmaxy=\dimen283
\pgf@xx=\dimen284
\pgf@xy=\dimen285
\pgf@yx=\dimen286
\pgf@yy=\dimen287
\pgf@zx=\dimen288
\pgf@zy=\dimen289
) (C:\Users\mona_\AppData\Local\Programs\MiKTeX\tex/generic/pgf/basiclayer\pgfcorepathconstruct.code.tex
File: pgfcorepathconstruct.code.tex 2023-01-15 v3.1.10 (3.1.10)
\pgf@path@lastx=\dimen290
\pgf@path@lasty=\dimen291
) (C:\Users\mona_\AppData\Local\Programs\MiKTeX\tex/generic/pgf/basiclayer\pgfcorepathusage.code.tex
File: pgfcorepathusage.code.tex 2023-01-15 v3.1.10 (3.1.10)
\pgf@shorten@end@additional=\dimen292
\pgf@shorten@start@additional=\dimen293
) (C:\Users\mona_\AppData\Local\Programs\MiKTeX\tex/generic/pgf/basiclayer\pgfcorescopes.code.tex
File: pgfcorescopes.code.tex 2023-01-15 v3.1.10 (3.1.10)
\pgfpic=\box63
\pgf@hbox=\box64
\pgf@layerbox@main=\box65
\pgf@picture@serial@count=\count352
) (C:\Users\mona_\AppData\Local\Programs\MiKTeX\tex/generic/pgf/basiclayer\pgfcoregraphicstate.code.tex
File: pgfcoregraphicstate.code.tex 2023-01-15 v3.1.10 (3.1.10)
\pgflinewidth=\dimen294
) (C:\Users\mona_\AppData\Local\Programs\MiKTeX\tex/generic/pgf/basiclayer\pgfcoretransformations.code.tex
File: pgfcoretransformations.code.tex 2023-01-15 v3.1.10 (3.1.10)
\pgf@pt@x=\dimen295
\pgf@pt@y=\dimen296
\pgf@pt@temp=\dimen297
) (C:\Users\mona_\AppData\Local\Programs\MiKTeX\tex/generic/pgf/basiclayer\pgfcorequick.code.tex
File: pgfcorequick.code.tex 2023-01-15 v3.1.10 (3.1.10)
) (C:\Users\mona_\AppData\Local\Programs\MiKTeX\tex/generic/pgf/basiclayer\pgfcoreobjects.code.tex
File: pgfcoreobjects.code.tex 2023-01-15 v3.1.10 (3.1.10)
) (C:\Users\mona_\AppData\Local\Programs\MiKTeX\tex/generic/pgf/basiclayer\pgfcorepathprocessing.code.tex
File: pgfcorepathprocessing.code.tex 2023-01-15 v3.1.10 (3.1.10)
) (C:\Users\mona_\AppData\Local\Programs\MiKTeX\tex/generic/pgf/basiclayer\pgfcorearrows.code.tex
File: pgfcorearrows.code.tex 2023-01-15 v3.1.10 (3.1.10)
\pgfarrowsep=\dimen298
) (C:\Users\mona_\AppData\Local\Programs\MiKTeX\tex/generic/pgf/basiclayer\pgfcoreshade.code.tex
File: pgfcoreshade.code.tex 2023-01-15 v3.1.10 (3.1.10)
\pgf@max=\dimen299
\pgf@sys@shading@range@num=\count353
\pgf@shadingcount=\count354
) (C:\Users\mona_\AppData\Local\Programs\MiKTeX\tex/generic/pgf/basiclayer\pgfcoreimage.code.tex
File: pgfcoreimage.code.tex 2023-01-15 v3.1.10 (3.1.10)
) (C:\Users\mona_\AppData\Local\Programs\MiKTeX\tex/generic/pgf/basiclayer\pgfcoreexternal.code.tex
File: pgfcoreexternal.code.tex 2023-01-15 v3.1.10 (3.1.10)
\pgfexternal@startupbox=\box66
) (C:\Users\mona_\AppData\Local\Programs\MiKTeX\tex/generic/pgf/basiclayer\pgfcorelayers.code.tex
File: pgfcorelayers.code.tex 2023-01-15 v3.1.10 (3.1.10)
) (C:\Users\mona_\AppData\Local\Programs\MiKTeX\tex/generic/pgf/basiclayer\pgfcoretransparency.code.tex
File: pgfcoretransparency.code.tex 2023-01-15 v3.1.10 (3.1.10)
) (C:\Users\mona_\AppData\Local\Programs\MiKTeX\tex/generic/pgf/basiclayer\pgfcorepatterns.code.tex
File: pgfcorepatterns.code.tex 2023-01-15 v3.1.10 (3.1.10)
) (C:\Users\mona_\AppData\Local\Programs\MiKTeX\tex/generic/pgf/basiclayer\pgfcorerdf.code.tex
File: pgfcorerdf.code.tex 2023-01-15 v3.1.10 (3.1.10)
))) (C:\Users\mona_\AppData\Local\Programs\MiKTeX\tex/generic/pgf/modules\pgfmoduleshapes.code.tex
File: pgfmoduleshapes.code.tex 2023-01-15 v3.1.10 (3.1.10)
\pgfnodeparttextbox=\box67
) (C:\Users\mona_\AppData\Local\Programs\MiKTeX\tex/generic/pgf/modules\pgfmoduleplot.code.tex
File: pgfmoduleplot.code.tex 2023-01-15 v3.1.10 (3.1.10)
) (C:\Users\mona_\AppData\Local\Programs\MiKTeX\tex/latex/pgf/compatibility\pgfcomp-version-0-65.sty
Package: pgfcomp-version-0-65 2023-01-15 v3.1.10 (3.1.10)
\pgf@nodesepstart=\dimen300
\pgf@nodesepend=\dimen301
) (C:\Users\mona_\AppData\Local\Programs\MiKTeX\tex/latex/pgf/compatibility\pgfcomp-version-1-18.sty
Package: pgfcomp-version-1-18 2023-01-15 v3.1.10 (3.1.10)
)) (C:\Users\mona_\AppData\Local\Programs\MiKTeX\tex/latex/tools\verbatim.sty
Package: verbatim 2023-11-06 v1.5v LaTeX2e package for verbatim enhancements
\every@verbatim=\toks50
\verbatim@line=\toks51
\verbatim@in@stream=\read4
) (C:\Users\mona_\AppData\Local\Programs\MiKTeX\tex/latex/environ\environ.sty
Package: environ 2014/05/04 v0.3 A new way to define environments
 (C:\Users\mona_\AppData\Local\Programs\MiKTeX\tex/latex/trimspaces\trimspaces.sty
Package: trimspaces 2009/09/17 v1.1 Trim spaces around a token list
))
\tcb@titlebox=\box68
\tcb@upperbox=\box69
\tcb@lowerbox=\box70
\tcb@phantombox=\box71
\c@tcbbreakpart=\count355
\c@tcblayer=\count356
\c@tcolorbox@number=\count357
\l__tcobox_tmpa_box=\box72
\l__tcobox_tmpa_dim=\dimen302
\tcb@temp=\box73
\tcb@temp=\box74
\tcb@temp=\box75
\tcb@temp=\box76
 (C:\Users\mona_\AppData\Local\Programs\MiKTeX\tex/latex/tcolorbox\tcbraster.code.tex
Library (tcolorbox): 'tcbraster.code.tex' version '6.2.0'
\c@tcbrastercolumn=\count358
\c@tcbrasterrow=\count359
\c@tcbrasternum=\count360
\c@tcbraster=\count361
) (C:\Users\mona_\AppData\Local\Programs\MiKTeX\tex/latex/tcolorbox\tcbskins.code.tex
Library (tcolorbox): 'tcbskins.code.tex' version '6.2.0'
(C:\Users\mona_\AppData\Local\Programs\MiKTeX\tex/latex/pgf/frontendlayer\tikz.sty (C:\Users\mona_\AppData\Local\Programs\MiKTeX\tex/latex/pgf/utilities\pgffor.sty (C:\Users\mona_\AppData\Local\Programs\MiKTeX\tex/latex/pgf/utilities\pgfkeys.sty (C:\Users\mona_\AppData\Local\Programs\MiKTeX\tex/generic/pgf/utilities\pgfkeys.code.tex)) (C:\Users\mona_\AppData\Local\Programs\MiKTeX\tex/latex/pgf/math\pgfmath.sty (C:\Users\mona_\AppData\Local\Programs\MiKTeX\tex/generic/pgf/math\pgfmath.code.tex)) (C:\Users\mona_\AppData\Local\Programs\MiKTeX\tex/generic/pgf/utilities\pgffor.code.tex
Package: pgffor 2023-01-15 v3.1.10 (3.1.10)
\pgffor@iter=\dimen303
\pgffor@skip=\dimen304
\pgffor@stack=\toks52
\pgffor@toks=\toks53
)) (C:\Users\mona_\AppData\Local\Programs\MiKTeX\tex/generic/pgf/frontendlayer/tikz\tikz.code.tex
Package: tikz 2023-01-15 v3.1.10 (3.1.10)
 (C:\Users\mona_\AppData\Local\Programs\MiKTeX\tex/generic/pgf/libraries\pgflibraryplothandlers.code.tex
File: pgflibraryplothandlers.code.tex 2023-01-15 v3.1.10 (3.1.10)
\pgf@plot@mark@count=\count362
\pgfplotmarksize=\dimen305
)
\tikz@lastx=\dimen306
\tikz@lasty=\dimen307
\tikz@lastxsaved=\dimen308
\tikz@lastysaved=\dimen309
\tikz@lastmovetox=\dimen310
\tikz@lastmovetoy=\dimen311
\tikzleveldistance=\dimen312
\tikzsiblingdistance=\dimen313
\tikz@figbox=\box77
\tikz@figbox@bg=\box78
\tikz@tempbox=\box79
\tikz@tempbox@bg=\box80
\tikztreelevel=\count363
\tikznumberofchildren=\count364
\tikznumberofcurrentchild=\count365
\tikz@fig@count=\count366
 (C:\Users\mona_\AppData\Local\Programs\MiKTeX\tex/generic/pgf/modules\pgfmodulematrix.code.tex
File: pgfmodulematrix.code.tex 2023-01-15 v3.1.10 (3.1.10)
\pgfmatrixcurrentrow=\count367
\pgfmatrixcurrentcolumn=\count368
\pgf@matrix@numberofcolumns=\count369
)
\tikz@expandcount=\count370
 (C:\Users\mona_\AppData\Local\Programs\MiKTeX\tex/generic/pgf/frontendlayer/tikz/libraries\tikzlibrarytopaths.code.tex
File: tikzlibrarytopaths.code.tex 2023-01-15 v3.1.10 (3.1.10)
))) (C:\Users\mona_\AppData\Local\Programs\MiKTeX\tex/latex/tikzfill\tikzfill.image.sty
Package: tikzfill.image 2023/08/08 v1.0.1 Image filling library for TikZ
 (C:\Users\mona_\AppData\Local\Programs\MiKTeX\tex/latex/tikzfill\tikzfill-common.sty
Package: tikzfill-common 2023/08/08 v1.0.1 Auxiliary code for tikzfill
) (C:\Users\mona_\AppData\Local\Programs\MiKTeX\tex/latex/tikzfill\tikzlibraryfill.image.code.tex
File: tikzlibraryfill.image.code.tex 2023/08/08 v1.0.1 Image filling library
\l__tikzfill_img_box=\box81
)) (C:\Users\mona_\AppData\Local\Programs\MiKTeX\tex/latex/tcolorbox\tcbskinsjigsaw.code.tex
Library (tcolorbox): 'tcbskinsjigsaw.code.tex' version '6.2.0'
)) (C:\Users\mona_\AppData\Local\Programs\MiKTeX\tex/latex/tcolorbox\tcbbreakable.code.tex
Library (tcolorbox): 'tcbbreakable.code.tex' version '6.2.0'
(C:\Users\mona_\AppData\Local\Programs\MiKTeX\tex/latex/pdfcol\pdfcol.sty
Package: pdfcol 2022-09-21 v1.7 Handle new color stacks for pdfTeX (HO)
)
Package pdfcol Info: New color stack `tcb@breakable' = 1 on input line 23.
\tcb@testbox=\box82
\tcb@totalupperbox=\box83
\tcb@totallowerbox=\box84
) (C:\Users\mona_\AppData\Local\Programs\MiKTeX\tex/latex/tcolorbox\tcbhooks.code.tex
Library (tcolorbox): 'tcbhooks.code.tex' version '6.2.0'
) (C:\Users\mona_\AppData\Local\Programs\MiKTeX\tex/latex/tcolorbox\tcbtheorems.code.tex
Library (tcolorbox): 'tcbtheorems.code.tex' version '6.2.0'
) (C:\Users\mona_\AppData\Local\Programs\MiKTeX\tex/latex/tcolorbox\tcbfitting.code.tex
Library (tcolorbox): 'tcbfitting.code.tex' version '6.2.0'
\tcbfitdim=\dimen314
\tcb@lowerfitdim=\dimen315
\tcb@upperfitdim=\dimen316
\tcb@cur@hbadness=\count371
)) (C:\Users\mona_\AppData\Local\Programs\MiKTeX\tex/latex/tools\tabularx.sty
Package: tabularx 2023/07/08 v2.11c `tabularx' package (DPC)
 (C:\Users\mona_\AppData\Local\Programs\MiKTeX\tex/latex/tools\array.sty
Package: array 2023/10/16 v2.5g Tabular extension package (FMi)
\col@sep=\dimen317
\ar@mcellbox=\box85
\extrarowheight=\dimen318
\NC@list=\toks54
\extratabsurround=\skip75
\backup@length=\skip76
\ar@cellbox=\box86
)
\TX@col@width=\dimen319
\TX@old@table=\dimen320
\TX@old@col=\dimen321
\TX@target=\dimen322
\TX@delta=\dimen323
\TX@cols=\count372
\TX@ftn=\toks55
) (C:\Users\mona_\AppData\Local\Programs\MiKTeX\tex/latex/leading\leading.sty
Package: leading 2008/12/11 v0.3 Define leading length
) (C:\Users\mona_\AppData\Local\Programs\MiKTeX\tex/latex/cleveref\cleveref.sty
Package: cleveref 2018/03/27 v0.21.4 Intelligent cross-referencing
Package cleveref Info: `hyperref' support loaded on input line 2370.
LaTeX Info: Redefining \cref on input line 2370.
LaTeX Info: Redefining \Cref on input line 2370.
LaTeX Info: Redefining \crefrange on input line 2370.
LaTeX Info: Redefining \Crefrange on input line 2370.
LaTeX Info: Redefining \cpageref on input line 2370.
LaTeX Info: Redefining \Cpageref on input line 2370.
LaTeX Info: Redefining \cpagerefrange on input line 2370.
LaTeX Info: Redefining \Cpagerefrange on input line 2370.
LaTeX Info: Redefining \labelcref on input line 2370.
LaTeX Info: Redefining \labelcpageref on input line 2370.
Package cleveref Info: `amsthm' support loaded on input line 3026.
Package cleveref Info: `listings' support loaded on input line 3131.
Package cleveref Info: always capitalise cross-reference names on input line 7825.
Package cleveref Info: always capitalise cross-reference names on input line 7852.
) (C:\Users\mona_\AppData\Local\Programs\MiKTeX\tex/latex/glossaries/base\glossaries.sty
Package: glossaries 2023/09/29 v4.53 (NLCT)
 (C:\Users\mona_\AppData\Local\Programs\MiKTeX\tex/latex/mfirstuc\mfirstuc.sty
Package: mfirstuc 2022/10/14 v2.08 (NLCT)
\@glsmfirst=\toks56
\@glsmrest=\toks57
) (C:\Users\mona_\AppData\Local\Programs\MiKTeX\tex/latex/xfor\xfor.sty
Package: xfor 2009/02/05 v1.05 (NLCT)
) (C:\Users\mona_\AppData\Local\Programs\MiKTeX\tex/latex/datatool\datatool-base.sty
Package: datatool-base 2019/09/27 v2.32 (NLCT)
 (C:\Users\mona_\AppData\Local\Programs\MiKTeX\tex/latex/substr\substr.sty
Package: substr 2009/10/20 v1.2 Handle substrings
\c@su@anzahl=\count373
) (C:\Users\mona_\AppData\Local\Programs\MiKTeX\tex/latex/datatool\datatool-fp.sty
Package: datatool-fp 2019/09/27 v2.32 (NLCT)
 (C:\Users\mona_\AppData\Local\Programs\MiKTeX\tex/latex/fp\fp.sty
Package: fp 1995/04/02
 `Fixed Point Package', Version 0.8, April 2, 1995 (C) Michael Mehlich (C:\Users\mona_\AppData\Local\Programs\MiKTeX\tex/latex/fp\defpattern.sty
Package: defpattern 1994/10/12
\actioncount=\count374
) (C:\Users\mona_\AppData\Local\Programs\MiKTeX\tex/latex/fp\fp-basic.sty
Package: fp-basic 1996/05/13
\FP@xs=\count375
\FP@xia=\count376
\FP@xib=\count377
\FP@xfa=\count378
\FP@xfb=\count379
\FP@rega=\count380
\FP@regb=\count381
\FP@regs=\count382
\FP@times=\count383
) (C:\Users\mona_\AppData\Local\Programs\MiKTeX\tex/latex/fp\fp-addons.sty
Package: fp-addons 1995/03/15
) (C:\Users\mona_\AppData\Local\Programs\MiKTeX\tex/latex/fp\fp-snap.sty
Package: fp-snap 1995/04/05
) (C:\Users\mona_\AppData\Local\Programs\MiKTeX\tex/latex/fp\fp-exp.sty
Package: fp-exp 1995/04/03
) (C:\Users\mona_\AppData\Local\Programs\MiKTeX\tex/latex/fp\fp-trigo.sty
Package: fp-trigo 1995/04/14
) (C:\Users\mona_\AppData\Local\Programs\MiKTeX\tex/latex/fp\fp-pas.sty
Package: fp-pas 1994/08/29
) (C:\Users\mona_\AppData\Local\Programs\MiKTeX\tex/latex/fp\fp-random.sty
Package: fp-random 1995/02/23
\FPseed=\count384
) (C:\Users\mona_\AppData\Local\Programs\MiKTeX\tex/latex/fp\fp-eqn.sty
Package: fp-eqn 1995/04/03
) (C:\Users\mona_\AppData\Local\Programs\MiKTeX\tex/latex/fp\fp-upn.sty
Package: fp-upn 1996/10/21
) (C:\Users\mona_\AppData\Local\Programs\MiKTeX\tex/latex/fp\fp-eval.sty
Package: fp-eval 1995/04/03
)))
\@dtl@toks=\toks58
\@dtl@tmpcount=\count385
\dtl@tmplength=\skip77
\dtl@sortresult=\count386
\@dtl@numgrpsepcount=\count387
\@dtl@datatype=\count388
\dtl@codeA=\count389
\dtl@codeB=\count390
\@dtl@foreach@level=\count391
) (C:\Users\mona_\AppData\Local\Programs\MiKTeX\tex/latex/tracklang\tracklang.sty
Package: tracklang 2022/12/13 v1.6.1 (NLCT) Track Languages
 (C:\Users\mona_\AppData\Local\Programs\MiKTeX\tex/generic/tracklang\tracklang.tex)) (C:\Users\mona_\AppData\Local\Programs\MiKTeX\tex/latex/translator\translator.sty
Package: translator 2021-05-31 v1.12d Easy translation of strings in LaTeX
) (C:\Users\mona_\AppData\Local\Programs\MiKTeX\tex/latex/glossaries-english\glossaries-english.ldf
File: glossaries-english.ldf 2014/11/23 v1.0
) (C:\Users\mona_\AppData\Local\Programs\MiKTeX\tex/latex/glossaries-portuges\glossaries-portuges.ldf
File: glossaries-portuges.ldf 2014/11/23 v1.0
 (C:\Users\mona_\AppData\Local\Programs\MiKTeX\tex/latex/glossaries-portuges\glossaries-portuges-utf8.ldf))
\gls@level=\count392
\@gls@tmpb=\toks59
\gls@tmplen=\skip78
\glskeylisttok=\toks60
\glslabeltok=\toks61
\glsshorttok=\toks62
\glslongtok=\toks63
 (C:\Users\mona_\AppData\Local\Programs\MiKTeX\tex/latex/glossaries/styles\glossary-hypernav.sty
Package: glossary-hypernav 2023/09/29 v4.53 (NLCT)
) (C:\Users\mona_\AppData\Local\Programs\MiKTeX\tex/latex/glossaries/styles\glossary-list.sty
Package: glossary-list 2023/09/29 v4.53 (NLCT)
\glslistdottedwidth=\skip79
) (C:\Users\mona_\AppData\Local\Programs\MiKTeX\tex/latex/glossaries/styles\glossary-long.sty
Package: glossary-long 2023/09/29 v4.53 (NLCT)
 (C:\Users\mona_\AppData\Local\Programs\MiKTeX\tex/latex/tools\longtable.sty
Package: longtable 2023-11-01 v4.19 Multi-page Table package (DPC)
\LTleft=\skip80
\LTright=\skip81
\LTpre=\skip82
\LTpost=\skip83
\LTchunksize=\count393
\LTcapwidth=\dimen324
\LT@head=\box87
\LT@firsthead=\box88
\LT@foot=\box89
\LT@lastfoot=\box90
\LT@gbox=\box91
\LT@cols=\count394
\LT@rows=\count395
\c@LT@tables=\count396
\c@LT@chunks=\count397
\LT@p@ftn=\toks64
)
\glsdescwidth=\skip84
\glspagelistwidth=\skip85
) (C:\Users\mona_\AppData\Local\Programs\MiKTeX\tex/latex/glossaries/styles\glossary-super.sty
Package: glossary-super 2023/09/29 v4.53 (NLCT)
 (C:\Users\mona_\AppData\Local\Programs\MiKTeX\tex/latex/supertabular\supertabular.sty
Package: supertabular 2020/02/02 v4.1g the supertabular environment
\c@tracingst=\count398
\ST@wd=\dimen325
\ST@rightskip=\skip86
\ST@leftskip=\skip87
\ST@parfillskip=\skip88
\ST@pageleft=\dimen326
\ST@headht=\dimen327
\ST@tailht=\dimen328
\ST@pagesofar=\dimen329
\ST@pboxht=\dimen330
\ST@lineht=\dimen331
\ST@prevht=\dimen332
\ST@toadd=\dimen333
\ST@dimen=\dimen334
\ST@pbox=\box92
)) (C:\Users\mona_\AppData\Local\Programs\MiKTeX\tex/latex/glossaries/styles\glossary-tree.sty
Package: glossary-tree 2023/09/29 v4.53 (NLCT)
\glstreeindent=\skip89
)) (C:\Users\mona_\AppData\Local\Programs\MiKTeX\tex/latex/float\float.sty
Package: float 2001/11/08 v1.3d Float enhancements (AL)
\c@float@type=\count399
\float@exts=\toks65
\float@box=\box93
\@float@everytoks=\toks66
\@floatcapt=\box94
) (C:\Users\mona_\AppData\Local\Programs\MiKTeX\tex/latex/wrapfig\wrapfig.sty
\wrapoverhang=\dimen335
\WF@size=\dimen336
\c@WF@wrappedlines=\count400
\WF@box=\box95
\WF@everypar=\toks67
Package: wrapfig 2003/01/31  v 3.6
) (C:\Users\mona_\AppData\Local\Programs\MiKTeX\tex/latex/base\fontenc.sty
Package: fontenc 2021/04/29 v2.0v Standard LaTeX package
) (C:\Users\mona_\AppData\Local\Programs\MiKTeX\tex/latex/sourcesanspro\sourcesanspro.sty
Package: sourcesanspro 2018/05/19 v2.7 Adobe's Source Sans Pro typeface
 (C:\Users\mona_\AppData\Local\Programs\MiKTeX\tex/generic/iftex\ifxetex.sty
Package: ifxetex 2019/10/25 v0.7 ifxetex legacy package. Use iftex instead.
) (C:\Users\mona_\AppData\Local\Programs\MiKTeX\tex/generic/iftex\ifluatex.sty
Package: ifluatex 2019/10/25 v1.5 ifluatex legacy package. Use iftex instead.
) (C:\Users\mona_\AppData\Local\Programs\MiKTeX\tex/latex/base\fontenc.sty
Package: fontenc 2021/04/29 v2.0v Standard LaTeX package
 (C:\Users\mona_\AppData\Local\Programs\MiKTeX\tex/latex/ly1\ly1enc.def
File: ly1enc.def 2022/06/11 v0.8 TeX 'n ANSI encoding (DPC/KB)
Now handling font encoding LY1 ...
... processing UTF-8 mapping file for font encoding LY1
 (C:\Users\mona_\AppData\Local\Programs\MiKTeX\tex/latex/base\ly1enc.dfu
File: ly1enc.dfu 2022/06/07 v1.3c UTF-8 support
   defining Unicode char U+00A0 (decimal 160)
   defining Unicode char U+00A1 (decimal 161)
   defining Unicode char U+00A2 (decimal 162)
   defining Unicode char U+00A3 (decimal 163)
   defining Unicode char U+00A4 (decimal 164)
   defining Unicode char U+00A5 (decimal 165)
   defining Unicode char U+00A6 (decimal 166)
   defining Unicode char U+00A7 (decimal 167)
   defining Unicode char U+00AA (decimal 170)
   defining Unicode char U+00AB (decimal 171)
   defining Unicode char U+00AD (decimal 173)
   defining Unicode char U+00AE (decimal 174)
   defining Unicode char U+00B0 (decimal 176)
   defining Unicode char U+00B5 (decimal 181)
   defining Unicode char U+00B6 (decimal 182)
   defining Unicode char U+00B7 (decimal 183)
   defining Unicode char U+00BA (decimal 186)
   defining Unicode char U+00BB (decimal 187)
   defining Unicode char U+00BC (decimal 188)
   defining Unicode char U+00BD (decimal 189)
   defining Unicode char U+00BE (decimal 190)
   defining Unicode char U+00BF (decimal 191)
   defining Unicode char U+00C0 (decimal 192)
   defining Unicode char U+00C1 (decimal 193)
   defining Unicode char U+00C2 (decimal 194)
   defining Unicode char U+00C3 (decimal 195)
   defining Unicode char U+00C4 (decimal 196)
   defining Unicode char U+00C5 (decimal 197)
   defining Unicode char U+00C6 (decimal 198)
   defining Unicode char U+00C7 (decimal 199)
   defining Unicode char U+00C8 (decimal 200)
   defining Unicode char U+00C9 (decimal 201)
   defining Unicode char U+00CA (decimal 202)
   defining Unicode char U+00CB (decimal 203)
   defining Unicode char U+00CC (decimal 204)
   defining Unicode char U+00CD (decimal 205)
   defining Unicode char U+00CE (decimal 206)
   defining Unicode char U+00CF (decimal 207)
   defining Unicode char U+00D0 (decimal 208)
   defining Unicode char U+00D1 (decimal 209)
   defining Unicode char U+00D2 (decimal 210)
   defining Unicode char U+00D3 (decimal 211)
   defining Unicode char U+00D4 (decimal 212)
   defining Unicode char U+00D5 (decimal 213)
   defining Unicode char U+00D6 (decimal 214)
   defining Unicode char U+00D8 (decimal 216)
   defining Unicode char U+00D9 (decimal 217)
   defining Unicode char U+00DA (decimal 218)
   defining Unicode char U+00DB (decimal 219)
   defining Unicode char U+00DC (decimal 220)
   defining Unicode char U+00DD (decimal 221)
   defining Unicode char U+00DE (decimal 222)
   defining Unicode char U+00DF (decimal 223)
   defining Unicode char U+00E0 (decimal 224)
   defining Unicode char U+00E1 (decimal 225)
   defining Unicode char U+00E2 (decimal 226)
   defining Unicode char U+00E3 (decimal 227)
   defining Unicode char U+00E4 (decimal 228)
   defining Unicode char U+00E5 (decimal 229)
   defining Unicode char U+00E6 (decimal 230)
   defining Unicode char U+00E7 (decimal 231)
   defining Unicode char U+00E8 (decimal 232)
   defining Unicode char U+00E9 (decimal 233)
   defining Unicode char U+00EA (decimal 234)
   defining Unicode char U+00EB (decimal 235)
   defining Unicode char U+00EC (decimal 236)
   defining Unicode char U+00ED (decimal 237)
   defining Unicode char U+00EE (decimal 238)
   defining Unicode char U+00EF (decimal 239)
   defining Unicode char U+00F0 (decimal 240)
   defining Unicode char U+00F1 (decimal 241)
   defining Unicode char U+00F2 (decimal 242)
   defining Unicode char U+00F3 (decimal 243)
   defining Unicode char U+00F4 (decimal 244)
   defining Unicode char U+00F5 (decimal 245)
   defining Unicode char U+00F6 (decimal 246)
   defining Unicode char U+00F8 (decimal 248)
   defining Unicode char U+00F9 (decimal 249)
   defining Unicode char U+00FA (decimal 250)
   defining Unicode char U+00FB (decimal 251)
   defining Unicode char U+00FC (decimal 252)
   defining Unicode char U+00FD (decimal 253)
   defining Unicode char U+00FE (decimal 254)
   defining Unicode char U+00FF (decimal 255)
   defining Unicode char U+0131 (decimal 305)
   defining Unicode char U+0141 (decimal 321)
   defining Unicode char U+0142 (decimal 322)
   defining Unicode char U+0152 (decimal 338)
   defining Unicode char U+0153 (decimal 339)
   defining Unicode char U+0160 (decimal 352)
   defining Unicode char U+0161 (decimal 353)
   defining Unicode char U+0174 (decimal 372)
   defining Unicode char U+0175 (decimal 373)
   defining Unicode char U+0176 (decimal 374)
   defining Unicode char U+0177 (decimal 375)
   defining Unicode char U+0178 (decimal 376)
   defining Unicode char U+017D (decimal 381)
   defining Unicode char U+017E (decimal 382)
   defining Unicode char U+0192 (decimal 402)
   defining Unicode char U+0218 (decimal 536)
   defining Unicode char U+0219 (decimal 537)
   defining Unicode char U+021A (decimal 538)
   defining Unicode char U+021B (decimal 539)
   defining Unicode char U+0237 (decimal 567)
   defining Unicode char U+02C6 (decimal 710)
   defining Unicode char U+02DC (decimal 732)
   defining Unicode char U+2013 (decimal 8211)
   defining Unicode char U+2014 (decimal 8212)
   defining Unicode char U+201C (decimal 8220)
   defining Unicode char U+201D (decimal 8221)
   defining Unicode char U+2020 (decimal 8224)
   defining Unicode char U+2021 (decimal 8225)
   defining Unicode char U+2022 (decimal 8226)
   defining Unicode char U+2026 (decimal 8230)
   defining Unicode char U+2030 (decimal 8240)
   defining Unicode char U+2039 (decimal 8249)
   defining Unicode char U+203A (decimal 8250)
   defining Unicode char U+2122 (decimal 8482)
   defining Unicode char U+FB00 (decimal 64256)
   defining Unicode char U+FB01 (decimal 64257)
   defining Unicode char U+FB02 (decimal 64258)
   defining Unicode char U+FB03 (decimal 64259)
   defining Unicode char U+FB04 (decimal 64260)
   defining Unicode char U+FB05 (decimal 64261)
   defining Unicode char U+FB06 (decimal 64262)
)))) (C:\Users\mona_\AppData\Local\Programs\MiKTeX\tex/latex/chngcntr\chngcntr.sty
Package: chngcntr 2018/04/09 v1.1a change counter resetting
Package chngcntr Info: \counterwithout already defined.
(chngcntr)             Quitting chngcntr on input line 21.
) (C:\Users\mona_\AppData\Local\Programs\MiKTeX\tex/latex/pagecolor\pagecolor.sty
Package: pagecolor 2023-04-18 v1.2c Provides thepagecolor (HMM)
)
Package hyperref Info: Option `colorlinks' set `true' on input line 124.
 (C:\Users\mona_\AppData\Local\Programs\MiKTeX\tex/latex/footmisc\footmisc.sty
Package: footmisc 2023/07/05 v6.0f a miscellany of footnote facilities
\FN@temptoken=\toks68
\footnotemargin=\dimen337
\@outputbox@depth=\dimen338
Package footmisc Info: Declaring symbol style bringhurst on input line 696.
Package footmisc Info: Declaring symbol style chicago on input line 704.
Package footmisc Info: Declaring symbol style wiley on input line 713.
Package footmisc Info: Declaring symbol style lamport-robust on input line 724.
Package footmisc Info: Declaring symbol style lamport* on input line 744.
Package footmisc Info: Declaring symbol style lamport*-robust on input line 765.
) (C:\Users\mona_\AppData\Local\Programs\MiKTeX\tex/latex/imakeidx\imakeidx.sty
Package: imakeidx 2016/10/15 v1.3e Package for typesetting indices in a synchronous mode
 (C:\Users\mona_\AppData\Local\Programs\MiKTeX\tex/latex/tools\multicol.sty
Package: multicol 2023/03/30 v1.9f multicolumn formatting (FMi)
\c@tracingmulticols=\count401
\mult@box=\box96
\multicol@leftmargin=\dimen339
\c@unbalance=\count402
\c@collectmore=\count403
\doublecol@number=\count404
\multicoltolerance=\count405
\multicolpretolerance=\count406
\full@width=\dimen340
\page@free=\dimen341
\premulticols=\dimen342
\postmulticols=\dimen343
\multicolsep=\skip90
\multicolbaselineskip=\skip91
\partial@page=\box97
\last@line=\box98
\mc@boxedresult=\box99
\maxbalancingoverflow=\dimen344
\mult@rightbox=\box100
\mult@grightbox=\box101
\mult@firstbox=\box102
\mult@gfirstbox=\box103
\@tempa=\box104
\@tempa=\box105
\@tempa=\box106
\@tempa=\box107
\@tempa=\box108
\@tempa=\box109
\@tempa=\box110
\@tempa=\box111
\@tempa=\box112
\@tempa=\box113
\@tempa=\box114
\@tempa=\box115
\@tempa=\box116
\@tempa=\box117
\@tempa=\box118
\@tempa=\box119
\@tempa=\box120
\@tempa=\box121
\@tempa=\box122
\@tempa=\box123
\@tempa=\box124
\@tempa=\box125
\@tempa=\box126
\@tempa=\box127
\@tempa=\box128
\@tempa=\box129
\@tempa=\box130
\@tempa=\box131
\@tempa=\box132
\@tempa=\box133
\@tempa=\box134
\@tempa=\box135
\@tempa=\box136
\@tempa=\box137
\@tempa=\box138
\@tempa=\box139
\c@minrows=\count407
\c@columnbadness=\count408
\c@finalcolumnbadness=\count409
\last@try=\dimen345
\multicolovershoot=\dimen346
\multicolundershoot=\dimen347
\mult@nat@firstbox=\box140
\colbreak@box=\box141
\mc@col@check@num=\count410
))) (C:\Users\mona_\AppData\Local\Programs\MiKTeX\tex/latex/accents\accents.sty
Package: accents 2006/05/12 v1.4 Math Accent Tools
\cc@skew=\dimen348
\cc@wd=\dimen349
\cc@code=\count411
\cc@group=\count412
\cc@skewchar=\count413
) (C:\Users\mona_\AppData\Local\Programs\MiKTeX\tex/latex/tikz-cd\tikz-cd.sty
Package: tikz-cd 2021/05/04 v1.0 Commutative diagrams with TikZ
 (C:\Users\mona_\AppData\Local\Programs\MiKTeX\tex/latex/tikz-cd\tikzlibrarycd.code.tex (C:\Users\mona_\AppData\Local\Programs\MiKTeX\tex/generic/pgf/frontendlayer/tikz/libraries\tikzlibrarymatrix.code.tex
File: tikzlibrarymatrix.code.tex 2023-01-15 v3.1.10 (3.1.10)
) (C:\Users\mona_\AppData\Local\Programs\MiKTeX\tex/generic/pgf/frontendlayer/tikz/libraries\tikzlibraryquotes.code.tex
File: tikzlibraryquotes.code.tex 2023-01-15 v3.1.10 (3.1.10)
) (C:\Users\mona_\AppData\Local\Programs\MiKTeX\tex/generic/pgf/libraries\pgflibraryarrows.meta.code.tex
File: pgflibraryarrows.meta.code.tex 2023-01-15 v3.1.10 (3.1.10)
\pgfarrowinset=\dimen350
\pgfarrowlength=\dimen351
\pgfarrowwidth=\dimen352
\pgfarrowlinewidth=\dimen353
))) (C:\Users\mona_\AppData\Local\Programs\MiKTeX\tex/latex/quantikz\quantikz.sty
Package: quantikz 2023/05/24 typeset quantum circuit diagrams
 (C:\Users\mona_\AppData\Local\Programs\MiKTeX\tex/latex/quantikz\tikzlibraryquantikz2.code.tex (C:\Users\mona_\AppData\Local\Programs\MiKTeX\tex/latex/xargs\xargs.sty
Package: xargs 2008/03/22 v1.1  extended macro definitions  (mpg)
\xargs@max=\count414
\xargs@toksa=\toks69
\xargs@toksb=\toks70
) (C:\Users\mona_\AppData\Local\Programs\MiKTeX\tex/latex/xstring\xstring.sty (C:\Users\mona_\AppData\Local\Programs\MiKTeX\tex/generic/xstring\xstring.tex
\xs_counta=\count415
\xs_countb=\count416
)
Package: xstring 2023/08/22 v1.86 String manipulations (CT)
) (C:\Users\mona_\AppData\Local\Programs\MiKTeX\tex/latex/l3packages/xparse\xparse.sty (C:\Users\mona_\AppData\Local\Programs\MiKTeX\tex/latex/l3kernel\expl3.sty
Package: expl3 2024-01-22 L3 programming layer (loader) 
 (C:\Users\mona_\AppData\Local\Programs\MiKTeX\tex/latex/l3backend\l3backend-pdftex.def
File: l3backend-pdftex.def 2024-01-04 L3 backend support: PDF output (pdfTeX)
\l__color_backend_stack_int=\count417
\l__pdf_internal_box=\box142
))
Package: xparse 2023-10-10 L3 Experimental document command parser
) (C:\Users\mona_\AppData\Local\Programs\MiKTeX\tex/generic/pgf/frontendlayer/tikz/libraries\tikzlibrarydecorations.pathreplacing.code.tex (C:\Users\mona_\AppData\Local\Programs\MiKTeX\tex/generic/pgf/frontendlayer/tikz/libraries\tikzlibrarydecorations.code.tex (C:\Users\mona_\AppData\Local\Programs\MiKTeX\tex/generic/pgf/modules\pgfmoduledecorations.code.tex
\pgfdecoratedcompleteddistance=\dimen354
\pgfdecoratedremainingdistance=\dimen355
\pgfdecoratedinputsegmentcompleteddistance=\dimen356
\pgfdecoratedinputsegmentremainingdistance=\dimen357
\pgf@decorate@distancetomove=\dimen358
\pgf@decorate@repeatstate=\count418
\pgfdecorationsegmentamplitude=\dimen359
\pgfdecorationsegmentlength=\dimen360
)
\tikz@lib@dec@box=\box143
) (C:\Users\mona_\AppData\Local\Programs\MiKTeX\tex/generic/pgf/libraries/decorations\pgflibrarydecorations.pathreplacing.code.tex)) (C:\Users\mona_\AppData\Local\Programs\MiKTeX\tex/generic/pgf/frontendlayer/tikz/libraries\tikzlibrarycalc.code.tex
File: tikzlibrarycalc.code.tex 2023-01-15 v3.1.10 (3.1.10)
) (C:\Users\mona_\AppData\Local\Programs\MiKTeX\tex/generic/pgf/frontendlayer/tikz/libraries\tikzlibrarypositioning.code.tex
File: tikzlibrarypositioning.code.tex 2023-01-15 v3.1.10 (3.1.10)
) (C:\Users\mona_\AppData\Local\Programs\MiKTeX\tex/generic/pgf/frontendlayer/tikz/libraries\tikzlibraryfit.code.tex
File: tikzlibraryfit.code.tex 2023-01-15 v3.1.10 (3.1.10)
) (C:\Users\mona_\AppData\Local\Programs\MiKTeX\tex/generic/pgf/frontendlayer/tikz/libraries\tikzlibraryshapes.symbols.code.tex
File: tikzlibraryshapes.symbols.code.tex 2023-01-15 v3.1.10 (3.1.10)
 (C:\Users\mona_\AppData\Local\Programs\MiKTeX\tex/generic/pgf/libraries/shapes\pgflibraryshapes.symbols.code.tex
File: pgflibraryshapes.symbols.code.tex 2023-01-15 v3.1.10 (3.1.10)
)) (C:\Users\mona_\AppData\Local\Programs\MiKTeX\tex/generic/pgf/frontendlayer/tikz/libraries\tikzlibrarydecorations.pathmorphing.code.tex (C:\Users\mona_\AppData\Local\Programs\MiKTeX\tex/generic/pgf/libraries/decorations\pgflibrarydecorations.pathmorphing.code.tex)) (C:\Users\mona_\AppData\Local\Programs\MiKTeX\tex/generic/pgf/frontendlayer/tikz/libraries\tikzlibraryshapes.misc.code.tex
File: tikzlibraryshapes.misc.code.tex 2023-01-15 v3.1.10 (3.1.10)
 (C:\Users\mona_\AppData\Local\Programs\MiKTeX\tex/generic/pgf/libraries/shapes\pgflibraryshapes.misc.code.tex
File: pgflibraryshapes.misc.code.tex 2023-01-15 v3.1.10 (3.1.10)
)) (C:\Users\mona_\AppData\Local\Programs\MiKTeX\tex/generic/pgf/frontendlayer/tikz/libraries\tikzlibrarydecorations.markings.code.tex (C:\Users\mona_\AppData\Local\Programs\MiKTeX\tex/generic/pgf/libraries/decorations\pgflibrarydecorations.markings.code.tex)) (C:\Users\mona_\AppData\Local\Programs\MiKTeX\tex/generic/pgf/frontendlayer/tikz/libraries\tikzlibrarymath.code.tex (C:\Users\mona_\AppData\Local\Programs\MiKTeX\tex/generic/pgf/frontendlayer/tikz/libraries\tikzlibraryfpu.code.tex (C:\Users\mona_\AppData\Local\Programs\MiKTeX\tex/generic/pgf/libraries\pgflibraryfpu.code.tex))
\tikz@math@for@depth=\count419
\tikz@math@dimen=\dimen361
\tikz@math@toks=\toks71
)
\pgf@layerbox@background=\box144
\pgf@layerboxsaved@background=\box145
\pgf@layerbox@quantback=\box146
\pgf@layerboxsaved@quantback=\box147
\c@dummy=\count420
\myl=\skip92
\myh=\skip93
\myd=\skip94
\c@aaa=\count421
LaTeX Font Info:    Trying to load font information for U+msa on input line 1044.
 (C:\Users\mona_\AppData\Local\Programs\MiKTeX\tex/latex/amsfonts\umsa.fd
File: umsa.fd 2013/01/14 v3.01 AMS symbols A
)
LaTeX Font Info:    Trying to load font information for U+msb on input line 1044.
 (C:\Users\mona_\AppData\Local\Programs\MiKTeX\tex/latex/amsfonts\umsb.fd
File: umsb.fd 2013/01/14 v3.01 AMS symbols B
)
LaTeX Font Info:    Trying to load font information for U+stmry on input line 1044.
 (C:\Users\mona_\AppData\Local\Programs\MiKTeX\tex/latex/stmaryrd\ustmry.fd)
\c@wirenumberpermute=\count422
)) (C:\Users\mona_\AppData\Local\Programs\MiKTeX\tex/latex/oberdiek\aliascnt.sty
Package: aliascnt 2018/09/07 v1.5 Alias counters (HO)
) (C:\Users\mona_\AppData\Local\Programs\MiKTeX\tex/latex/base\textcomp.sty
Package: textcomp 2020/02/02 v2.0n Standard LaTeX package
)

LaTeX Warning: Package "xcolor" has already been loaded: ignoring load-time
(LaTeX)        option "pdftex".

(C:\Users\mona_\AppData\Local\Programs\MiKTeX\tex/latex/graphics\dvipsnam.def
File: dvipsnam.def 2016/06/17 v3.0m Driver-dependent file (DPC,SPQR)
) (C:\Users\mona_\AppData\Local\Programs\MiKTeX\tex/latex/todonotes\todonotes.sty
Package: todonotes 2024/01/05 v1.1.7 Todonotes source and documentation.
Package: todonotes 2024/01/05
\c@@todonotes@numberoftodonotes=\count423
)
\c@theorem=\count424
\c@corollary=\count425
\c@lemma=\count426
\glswrite=\write4
\glo@main@file=\write5
\openout5 = `dissertation.glo'.

Package glossaries Info: Writing glossary file dissertation.glo on input line 28.
\glo@acronym@file=\write6
\openout6 = `dissertation.acn'.

Package glossaries Info: Writing glossary file dissertation.acn on input line 28.
\dissertation@idxfile=\write7
\openout7 = `dissertation.idx'.


Writing index file dissertation.idx
Package csquotes Info: Checking for multilingual support...
Package csquotes Info: ... found 'babel' package.
Package csquotes Info: Adjusting default style.
Package csquotes Info: Redefining alias 'default' -> 'english'.
LaTeX Font Info:    Trying to load font information for T1+SourceSansPro-TLF on input line 80.
(C:\Users\mona_\AppData\Local\Programs\MiKTeX\tex/latex/sourcesanspro\t1sourcesanspro-tlf.fd
File: T1SourceSansPro-TLF.fd 2020/01/19 (autoinst) Font definitions for T1/SourceSansPro-TLF.
)
LaTeX Font Info:    Font shape `T1/SourceSansPro-TLF/m/n' aliased to
(Font)              `T1/SourceSansPro-TLF/regular/n' on input line 80.
LaTeX Font Info:    Font shape `T1/SourceSansPro-TLF/regular/n' will be
(Font)              scaled to size 12.0pt on input line 80.
 (dissertation.aux

LaTeX Warning: Label `eq:dephasing_result' multiply defined.


LaTeX Warning: Label `eq:dephasing_result@cref' multiply defined.

)
\openout1 = `dissertation.aux'.

LaTeX Font Info:    Checking defaults for OML/cmm/m/it on input line 80.
LaTeX Font Info:    ... okay on input line 80.
LaTeX Font Info:    Checking defaults for OMS/cmsy/m/n on input line 80.
LaTeX Font Info:    ... okay on input line 80.
LaTeX Font Info:    Checking defaults for OT1/cmr/m/n on input line 80.
LaTeX Font Info:    ... okay on input line 80.
LaTeX Font Info:    Checking defaults for T1/cmr/m/n on input line 80.
LaTeX Font Info:    ... okay on input line 80.
LaTeX Font Info:    Checking defaults for TS1/cmr/m/n on input line 80.
LaTeX Font Info:    ... okay on input line 80.
LaTeX Font Info:    Checking defaults for OMX/cmex/m/n on input line 80.
LaTeX Font Info:    ... okay on input line 80.
LaTeX Font Info:    Checking defaults for U/cmr/m/n on input line 80.
LaTeX Font Info:    ... okay on input line 80.
LaTeX Font Info:    Checking defaults for PD1/pdf/m/n on input line 80.
LaTeX Font Info:    ... okay on input line 80.
LaTeX Font Info:    Checking defaults for PU/pdf/m/n on input line 80.
LaTeX Font Info:    ... okay on input line 80.
LaTeX Font Info:    Checking defaults for LY1/ptm/m/n on input line 80.
LaTeX Font Info:    Trying to load font information for LY1+ptm on input line 80.
 (C:\Users\mona_\AppData\Local\Programs\MiKTeX\tex/latex/ly1\ly1ptm.fd
File: ly1ptm.fd 2001/02/01 font definitions for LY1/ptm using Berry names.
)
LaTeX Font Info:    ... okay on input line 80.

*geometry* driver: auto-detecting
*geometry* detected driver: pdftex
*geometry* verbose mode - [ preamble ] result:
* driver: pdftex
* paper: a4paper
* layout: <same size as paper>
* layoutoffset:(h,v)=(0.0pt,0.0pt)
* modes: twoside 
* h-part:(L,W,R)=(224.77676pt, 372.73111pt, 0.0pt)
* v-part:(T,H,B)=(0.0pt, 816.5941pt, 28.45274pt)
* \paperwidth=597.50787pt
* \paperheight=845.04684pt
* \textwidth=372.73111pt
* \textheight=816.5941pt
* \oddsidemargin=152.50677pt
* \evensidemargin=-72.26999pt
* \topmargin=-109.26999pt
* \headheight=12.0pt
* \headsep=25.0pt
* \topskip=12.0pt
* \footskip=30.0pt
* \marginparwidth=85.0pt
* \marginparsep=10.0pt
* \columnsep=10.0pt
* \skip\footins=10.8pt plus 4.0pt minus 2.0pt
* \hoffset=0.0pt
* \voffset=0.0pt
* \mag=1000
* \@twocolumnfalse
* \@twosidetrue
* \@mparswitchtrue
* \@reversemarginfalse
* (1in=72.27pt=25.4mm, 1cm=28.453pt)

Package caption Info: Begin \AtBeginDocument code.
Package caption Info: float package is loaded.
Package caption Info: hyperref package is loaded.
Package caption Info: listings package is loaded.
Package caption Info: longtable package is loaded.
(C:\Users\mona_\AppData\Local\Programs\MiKTeX\tex/latex/caption\ltcaption.sty
Package: ltcaption 2021/01/08 v1.4c longtable captions (AR)
)
Package caption Info: supertabular package is loaded.
Package caption Info: wrapfig package is loaded.
Package caption Info: End \AtBeginDocument code.
 (C:\Users\mona_\AppData\Local\Programs\MiKTeX\tex/context/base/mkii\supp-pdf.mkii
[Loading MPS to PDF converter (version 2006.09.02).]
\scratchcounter=\count427
\scratchdimen=\dimen362
\scratchbox=\box148
\nofMPsegments=\count428
\nofMParguments=\count429
\everyMPshowfont=\toks72
\MPscratchCnt=\count430
\MPscratchDim=\dimen363
\MPnumerator=\count431
\makeMPintoPDFobject=\count432
\everyMPtoPDFconversion=\toks73
) (C:\Users\mona_\AppData\Local\Programs\MiKTeX\tex/latex/epstopdf-pkg\epstopdf-base.sty
Package: epstopdf-base 2020-01-24 v2.11 Base part for package epstopdf
Package epstopdf-base Info: Redefining graphics rule for `.eps' on input line 485.
 (C:\Users\mona_\AppData\Local\Programs\MiKTeX\tex/latex/00miktex\epstopdf-sys.cfg
File: epstopdf-sys.cfg 2021/03/18 v2.0 Configuration of epstopdf for MiKTeX
))
Package hyperref Info: Link coloring ON on input line 80.
 (dissertation.out) (dissertation.out)
\@outlinefile=\write8
\openout8 = `dissertation.out'.

\c@lstlisting=\count433
 (dissertation.glsdefs) (covers/Covers.tex
<images/logos/UM.jpg, id=162, 1084.05pt x 1084.05pt>
File: images/logos/UM.jpg Graphic file (type jpg)
<use images/logos/UM.jpg>
Package pdftex.def Info: images/logos/UM.jpg  used on input line 3.
(pdftex.def)             Requested size: 73.97716pt x 73.97246pt.
<images/logos/EE.jpg, id=163, 1084.05pt x 1084.05pt>
File: images/logos/EE.jpg Graphic file (type jpg)
<use images/logos/EE.jpg>
Package pdftex.def Info: images/logos/EE.jpg  used on input line 3.
(pdftex.def)             Requested size: 73.97716pt x 73.97246pt.
LaTeX Font Info:    Font shape `T1/SourceSansPro-TLF/m/n' aliased to
(Font)              `T1/SourceSansPro-TLF/regular/n' on input line 3.
LaTeX Font Info:    Font shape `T1/SourceSansPro-TLF/regular/n' will be
(Font)              scaled to size 14.4pt on input line 3.
LaTeX Font Info:    Font shape `T1/SourceSansPro-TLF/b/n' aliased to
(Font)              `T1/SourceSansPro-TLF/bold/n' on input line 3.
LaTeX Font Info:    Font shape `T1/SourceSansPro-TLF/bold/n' will be
(Font)              scaled to size 14.4pt on input line 3.
LaTeX Font Info:    Font shape `T1/SourceSansPro-TLF/l/n' aliased to
(Font)              `T1/SourceSansPro-TLF/light/n' on input line 3.
LaTeX Font Info:    Font shape `T1/SourceSansPro-TLF/light/n' will be
(Font)              scaled to size 14.4pt on input line 3.

Underfull \hbox (badness 10000) in paragraph at lines 3--3

 []

LaTeX Font Info:    Font shape `T1/SourceSansPro-TLF/m/n' aliased to
(Font)              `T1/SourceSansPro-TLF/regular/n' on input line 5.
LaTeX Font Info:    Font shape `T1/SourceSansPro-TLF/regular/n' will be
(Font)              scaled to size 17.28pt on input line 5.
LaTeX Font Info:    Font shape `T1/SourceSansPro-TLF/b/n' aliased to
(Font)              `T1/SourceSansPro-TLF/bold/n' on input line 10.
LaTeX Font Info:    Font shape `T1/SourceSansPro-TLF/bold/n' will be
(Font)              scaled to size 17.28pt on input line 10.

Underfull \hbox (badness 10000) in paragraph at lines 6--16

 []


Underfull \hbox (badness 10000) in paragraph at lines 6--16

 []

LaTeX Font Info:    Font shape `T1/SourceSansPro-TLF/m/n' aliased to
(Font)              `T1/SourceSansPro-TLF/regular/n' on input line 18.
LaTeX Font Info:    Font shape `T1/SourceSansPro-TLF/regular/n' will be
(Font)              scaled to size 10.0pt on input line 18.
[1

\openout4 = `dissertation.ist'.

{C:/Users/mona_/AppData/Local/MiKTeX/fonts/map/pdftex/pdftex.map}{C:/Users/mona_/AppData/Local/Programs/MiKTeX/fonts/enc/dvips/sourcesanspro/a_emkxm5.enc} <./images/logos/UM.jpg> <./images/logos/EE.jpg>] [2]
<images/logosB/UM.jpg, id=176, 1084.05pt x 1084.05pt>
File: images/logosB/UM.jpg Graphic file (type jpg)
<use images/logosB/UM.jpg>
Package pdftex.def Info: images/logosB/UM.jpg  used on input line 29.
(pdftex.def)             Requested size: 73.97716pt x 73.97246pt.
<images/logosB/EE.jpg, id=177, 1084.05pt x 1084.05pt>
File: images/logosB/EE.jpg Graphic file (type jpg)
<use images/logosB/EE.jpg>
Package pdftex.def Info: images/logosB/EE.jpg  used on input line 29.
(pdftex.def)             Requested size: 73.97716pt x 73.97246pt.

Underfull \hbox (badness 10000) in paragraph at lines 29--29

 []


Underfull \hbox (badness 10000) in paragraph at lines 32--42

 []


Underfull \hbox (badness 10000) in paragraph at lines 32--42

 []


Underfull \hbox (badness 10000) in paragraph at lines 46--56

 []


Underfull \hbox (badness 10000) in paragraph at lines 46--56

 []


pdfTeX warning (ext4): destination with the same identifier (name{page.1}) has been already used, duplicate ignored
<to be read again> 
                   \relax 
l.59 \end{titlepage}
                     [1 <./images/logosB/UM.jpg> <./images/logosB/EE.jpg>]
pdfTeX warning (ext4): destination with the same identifier (name{page.2}) has been already used, duplicate ignored
<to be read again> 
                   \relax 
l.65 \newpage
              [2])
*geometry* verbose mode - [ newgeometry ] result:
* driver: pdftex
* paper: a4paper
* layout: <same size as paper>
* layoutoffset:(h,v)=(0.0pt,0.0pt)
* modes: twoside 
* h-part:(L,W,R)=(71.13188pt, 455.24411pt, 71.13188pt)
* v-part:(T,H,B)=(71.13188pt, 702.78308pt, 71.13188pt)
* \paperwidth=597.50787pt
* \paperheight=845.04684pt
* \textwidth=455.24411pt
* \textheight=702.78308pt
* \oddsidemargin=-1.1381pt
* \evensidemargin=-1.1381pt
* \topmargin=-38.1381pt
* \headheight=12.0pt
* \headsep=25.0pt
* \topskip=12.0pt
* \footskip=30.0pt
* \marginparwidth=85.0pt
* \marginparsep=10.0pt
* \columnsep=10.0pt
* \skip\footins=10.8pt plus 4.0pt minus 2.0pt
* \hoffset=0.0pt
* \voffset=0.0pt
* \mag=1000
* \@twocolumnfalse
* \@twosidetrue
* \@mparswitchtrue
* \@reversemarginfalse
* (1in=72.27pt=25.4mm, 1cm=28.453pt)

 (preamble/Copyright.tex
LaTeX Font Info:    Font shape `T1/SourceSansPro-TLF/m/n' aliased to
(Font)              `T1/SourceSansPro-TLF/regular/n' on input line 1.
LaTeX Font Info:    Font shape `T1/SourceSansPro-TLF/regular/n' will be
(Font)              scaled to size 20.74pt on input line 1.
LaTeX Font Info:    Font shape `T1/SourceSansPro-TLF/b/n' aliased to
(Font)              `T1/SourceSansPro-TLF/bold/n' on input line 1.
LaTeX Font Info:    Font shape `T1/SourceSansPro-TLF/bold/n' will be
(Font)              scaled to size 20.74pt on input line 1.
LaTeX Font Info:    Font shape `T1/SourceSansPro-TLF/m/it' aliased to
(Font)              `T1/SourceSansPro-TLF/regular/it' on input line 13.
LaTeX Font Info:    Font shape `T1/SourceSansPro-TLF/regular/it' will be
(Font)              scaled to size 12.0pt on input line 13.
<images/CCBY.png, id=184, 66.2475pt x 24.09pt>
File: images/CCBY.png Graphic file (type png)
<use images/CCBY.png>
Package pdftex.def Info: images/CCBY.png  used on input line 16.
(pdftex.def)             Requested size: 66.24733pt x 24.08992pt.
LaTeX Font Info:    Font shape `T1/SourceSansPro-TLF/b/n' aliased to
(Font)              `T1/SourceSansPro-TLF/bold/n' on input line 18.
LaTeX Font Info:    Font shape `T1/SourceSansPro-TLF/bold/n' will be
(Font)              scaled to size 12.0pt on input line 18.
LaTeX Font Info:    Trying to load font information for T1+cmtt on input line 20.
 (C:\Users\mona_\AppData\Local\Programs\MiKTeX\tex/latex/base\t1cmtt.fd
File: t1cmtt.fd 2023/04/13 v2.5m Standard LaTeX font definitions
)
<images/CCBYSA.png, id=187, 66.2475pt x 24.09pt>
File: images/CCBYSA.png Graphic file (type png)
<use images/CCBYSA.png>
Package pdftex.def Info: images/CCBYSA.png  used on input line 26.
(pdftex.def)             Requested size: 66.24733pt x 24.08992pt.
 [1


 <./images/CCBY.png> <./images/CCBYSA.png>]
<images/CCBYND.png, id=198, 66.2475pt x 24.09pt>
File: images/CCBYND.png Graphic file (type png)
<use images/CCBYND.png>
Package pdftex.def Info: images/CCBYND.png  used on input line 36.
(pdftex.def)             Requested size: 66.24733pt x 24.08992pt.
<images/CCBYNC.png, id=200, 66.2475pt x 24.09pt>
File: images/CCBYNC.png Graphic file (type png)
<use images/CCBYNC.png>
Package pdftex.def Info: images/CCBYNC.png  used on input line 46.
(pdftex.def)             Requested size: 66.24733pt x 24.08992pt.
<images/CCBYNCSA.png, id=202, 66.2475pt x 24.09pt>
File: images/CCBYNCSA.png Graphic file (type png)
<use images/CCBYNCSA.png>
Package pdftex.def Info: images/CCBYNCSA.png  used on input line 56.
(pdftex.def)             Requested size: 66.24733pt x 24.08992pt.
<images/CCBYNCND.png, id=204, 66.2475pt x 24.09pt>
File: images/CCBYNCND.png Graphic file (type png)
<use images/CCBYNCND.png>
Package pdftex.def Info: images/CCBYNCND.png  used on input line 66.
(pdftex.def)             Requested size: 66.24733pt x 24.08992pt.
) (preamble/Acknowledgements.tex [2 <./images/CCBYND.png> <./images/CCBYNC.png> <./images/CCBYNCSA.png> <./images/CCBYNCND.png>]) (preamble/StatementofIntegrity.tex [3

] [4

]) (preamble/Abstract.tex [5] [6

] [7] [8

] [9

] [10

]) (dissertation.toc [11

])
\tf@toc=\write9
\openout9 = `dissertation.toc'.

 [12] (dissertation.lof
Overfull \hbox (6.02055pt too wide) in paragraph at lines 19--19
 [][] [][][]\T1/SourceSansPro-TLF/regular/n/12 Quantum Tele-por-ta-tion Pro-to-col: Er-ro-neous im-ple-men-ta-tion of the Hadamard 
 []

)
\tf@lof=\write10
\openout10 = `dissertation.lof'.

 [13


] [14

] (dissertation.lot)
\tf@lot=\write11
\openout11 = `dissertation.lot'.

 [15]
No file dissertation.acr.
No file dissertation.gls.
[16

]
LaTeX Font Info:    Font shape `T1/SourceSansPro-TLF/m/n' aliased to
(Font)              `T1/SourceSansPro-TLF/regular/n' on input line 120.
LaTeX Font Info:    Font shape `T1/SourceSansPro-TLF/regular/n' will be
(Font)              scaled to size 24.88pt on input line 120.
LaTeX Font Info:    Font shape `T1/SourceSansPro-TLF/b/n' aliased to
(Font)              `T1/SourceSansPro-TLF/bold/n' on input line 120.
LaTeX Font Info:    Font shape `T1/SourceSansPro-TLF/bold/n' will be
(Font)              scaled to size 24.88pt on input line 120.

pdfTeX warning (ext4): destination with the same identifier (name{page.1}) has been already used, duplicate ignored
<to be read again> 
                   \relax 
l.120 \part{Introductory material}
                                   [1


]
pdfTeX warning (ext4): destination with the same identifier (name{page.2}) has been already used, duplicate ignored
<to be read again> 
                   \relax 
l.120 \part{Introductory material}
                                   [2] (chapters/Introduction.tex
Chapter 1.
LaTeX Font Info:    Font shape `T1/SourceSansPro-TLF/m/n' aliased to
(Font)              `T1/SourceSansPro-TLF/regular/n' on input line 10.
LaTeX Font Info:    Font shape `T1/SourceSansPro-TLF/regular/n' will be
(Font)              scaled to size 8.0pt on input line 10.
LaTeX Font Info:    Font shape `T1/SourceSansPro-TLF/m/n' aliased to
(Font)              `T1/SourceSansPro-TLF/regular/n' on input line 10.
LaTeX Font Info:    Font shape `T1/SourceSansPro-TLF/regular/n' will be
(Font)              scaled to size 6.0pt on input line 10.

Overfull \hbox (0.18266pt too wide) in paragraph at lines 10--11
[]\T1/SourceSansPro-TLF/regular/n/12 To rec-on-cile quan-tum com-pu-ta-tion with NISQ com-put-ers, quan-tum com-pil-ers per-form trans-
 []


Overfull \hbox (17.87856pt too wide) in paragraph at lines 10--11
\T1/SourceSansPro-TLF/regular/n/12 com-posed into se-quences of na-tive op-er-a-tions be-fore ex-e-cu-tion [[][]Har-row et al.[][] ([][]2002[][]), [][]Burgholzer
 []


Underfull \vbox (badness 10000) has occurred while \output is active []

 [3

]
Underfull \vbox (badness 10000) has occurred while \output is active []

 [4]) (chapters/StateOfTheArt.tex [5] [6

]
Chapter 2.

Underfull \vbox (badness 10000) has occurred while \output is active []

 [7]
Overfull \hbox (166.51253pt too wide) in paragraph at lines 121--121
[]$[]$ 
 []


Overfull \hbox (137.07649pt too wide) in paragraph at lines 121--121
[]$[]$ 
 []


Overfull \hbox (53.85132pt too wide) in paragraph at lines 121--121
[]$[]$ 
 []


Overfull \hbox (50.51797pt too wide) in paragraph at lines 121--121
[]$[]$ 
 []


Overfull \hbox (82.51794pt too wide) in paragraph at lines 121--121
[]$[]$ 
 []


Overfull \hbox (41.05191pt too wide) detected at line 122
 $[][]$ 
 []

[8]
Overfull \hbox (30.13834pt too wide) in paragraph at lines 259--259
[]$[]$ 
 []


Overfull \hbox (87.3315pt too wide) in paragraph at lines 259--259
[]$[]$ 
 []


Overfull \hbox (25.46735pt too wide) in paragraph at lines 259--259
[]$[]$ 
 []


Overfull \hbox (17.90512pt too wide) detected at line 260
 $[][]$ 
 []

[9]
Overfull \hbox (4.33856pt too wide) in paragraph at lines 275--277
\T1/SourceSansPro-TLF/regular/n/12 The trace dis-tance be-tween two super-operators $\OML/cmm/m/it/12 E; E[] \OT1/cmr/m/n/12 : \U/msb/m/n/12 C[] [] C[]$\T1/SourceSansPro-TLF/regular/n/12 , de-noted as $\OML/cmm/m/it/12 T\OT1/cmr/m/n/12 (\OML/cmm/m/it/12 E; E[]\OT1/cmr/m/n/12 )$\T1/SourceSansPro-TLF/regular/n/12 ,
 []

[10]
LaTeX Font Info:    Font shape `T1/SourceSansPro-TLF/m/sc' aliased to
(Font)              `T1/SourceSansPro-TLF/regular/sc' on input line 308.
LaTeX Font Info:    Font shape `T1/SourceSansPro-TLF/regular/sc' will be
(Font)              scaled to size 12.0pt on input line 308.

Overfull \hbox (189.77562pt too wide) in paragraph at lines 402--402
[]$[]$ 
 []


Overfull \hbox (219.83913pt too wide) in paragraph at lines 402--402
[]$[]$ 
 []


Overfull \hbox (120.86447pt too wide) in paragraph at lines 402--402
[]$[]$ 
 []


Overfull \hbox (120.04326pt too wide) in paragraph at lines 402--402
[]$[]$ 
 []


Overfull \hbox (49.3558pt too wide) in paragraph at lines 402--402
[]$[]$ 
 []


Overfull \hbox (151.61688pt too wide) in paragraph at lines 402--402
[]$[]$ 
 []


Overfull \hbox (21.90512pt too wide) detected at line 403
 $[][]$ 
 []


Underfull \vbox (badness 1558) has occurred while \output is active []

 [11{C:/Users/mona_/AppData/Local/Programs/MiKTeX/fonts/enc/dvips/sourcesanspro/a_4jropk.enc}]
Overfull \hbox (11.63928pt too wide) in paragraph at lines 438--439
\T1/SourceSansPro-TLF/regular/n/12 This sec-tion presents back-ground on quan-tum in-for-ma-tion and quan-tum com-pu-ta-tion [[][]Nielsen
 []


Underfull \vbox (badness 3439) has occurred while \output is active []

 [12]
Overfull \hbox (15.83379pt too wide) in paragraph at lines 442--443
\T1/SourceSansPro-TLF/regular/n/12 each $\OML/cmm/m/it/12 m$\T1/SourceSansPro-TLF/regular/n/12 . More-over, af-ter a mea-sure-ment yield-ing out-come $\OML/cmm/m/it/12 m$\T1/SourceSansPro-TLF/regular/n/12 , the state col-lapses to $\OML/cmm/m/it/12 M[]^^ZM[]=p[]$\T1/SourceSansPro-TLF/regular/n/12 . 
 []


Underfull \vbox (badness 10000) has occurred while \output is active []

 [13]
Package hyperref Info: bookmark level for unknown todo defaults to 0 on input line 464.

Overfull \hbox (99.33127pt too wide) detected at line 526
 $[][]$ 
 []

) (chapters/ProblemAndChallenges.tex [14]
Chapter 3.
<images/UM.jpg, id=582, 1084.05pt x 1084.05pt>
File: images/UM.jpg Graphic file (type jpg)
<use images/UM.jpg>
Package pdftex.def Info: images/UM.jpg  used on input line 8.
(pdftex.def)             Requested size: 45.52718pt x 45.52151pt.
File: images/UM.jpg Graphic file (type jpg)
<use images/UM.jpg>
Package pdftex.def Info: images/UM.jpg  used on input line 12.
(pdftex.def)             Requested size: 45.52718pt x 45.52151pt.
File: images/UM.jpg Graphic file (type jpg)
<use images/UM.jpg>
Package pdftex.def Info: images/UM.jpg  used on input line 25.
(pdftex.def)             Requested size: 113.81102pt x 113.80379pt.
) [15

 <./images/UM.jpg>] [16] [17

] [18] (chapters/Contribution.tex
Chapter 4.

Overfull \hbox (21.76161pt too wide) in paragraph at lines 24--25
[] []$\T1/SourceSansPro-TLF/regular/n/12 , where $\OMS/cmsy/m/n/12 ^^H$ \T1/SourceSansPro-TLF/regular/n/12 de-notes ad-di-tion mod-ulo 2. The quan-tum cir-cuit im-ple-ment-ing Deutsch's
 []

[19

]
Overfull \hbox (17.12372pt too wide) detected at line 61
 $[][]$  
 []

[20] [21]

LaTeX Warning: Reference `eq:Bloch_vector' on page 22 undefined on input line 152.


Overfull \hbox (7.0513pt too wide) in paragraph at lines 182--183
\T1/SourceSansPro-TLF/regular/n/12 con-stant func-tion, $[] \OT1/cmr/m/n/12 = [][][]$\T1/SourceSansPro-TLF/regular/n/12 ; oth-er-wise, $[] \OT1/cmr/m/n/12 =[] [][]$\T1/SourceSansPro-TLF/regular/n/12 . 
 []


Underfull \vbox (badness 3229) has occurred while \output is active []

 [22]
Overfull \hbox (195.36078pt too wide) in paragraph at lines 229--229
[]$[]$ 
 []


Overfull \hbox (28.74187pt too wide) in paragraph at lines 257--257
[]$[]$ 
 []


Overfull \hbox (13.28183pt too wide) in paragraph at lines 294--294
[]$[]$ 
 []


Overfull \hbox (16.6937pt too wide) in paragraph at lines 294--294
[]$[]$ 
 []


Overfull \hbox (316.33351pt too wide) in paragraph at lines 294--294
[]$[]$ 
 []

[23]
Overfull \hbox (266.99078pt too wide) in paragraph at lines 353--353
[]$[]$ 
 []

[24]

LaTeX Font Warning: Font shape `T1/SourceSansPro-TLF/m/scit' undefined
(Font)              using `T1/SourceSansPro-TLF/m/sc' instead on input line 387.


LaTeX Font Warning: Font shape `T1/SourceSansPro-TLF/m/scit' undefined
(Font)              using `T1/SourceSansPro-TLF/m/sc' instead on input line 391.


Overfull \hbox (12.45505pt too wide) in paragraph at lines 412--413
[]\T1/SourceSansPro-TLF/regular/n/12 Futhermore, given the sub-mul-ti-plica-tive prop-erty of the op-er-a-tor norm, for any super-operators
 []

[25]

LaTeX Font Warning: Font shape `T1/SourceSansPro-TLF/m/scit' undefined
(Font)              using `T1/SourceSansPro-TLF/m/sc' instead on input line 420.


LaTeX Font Warning: Font shape `T1/SourceSansPro-TLF/m/scit' undefined
(Font)              using `T1/SourceSansPro-TLF/m/sc' instead on input line 420.


LaTeX Font Warning: Font shape `T1/SourceSansPro-TLF/m/scit' undefined
(Font)              using `T1/SourceSansPro-TLF/m/sc' instead on input line 423.


LaTeX Font Warning: Font shape `T1/SourceSansPro-TLF/m/scit' undefined
(Font)              using `T1/SourceSansPro-TLF/m/sc' instead on input line 423.


Overfull \hbox (0.16577pt too wide) detected at line 463
 $[][]$  
 []

[26]
Overfull \hbox (7.25737pt too wide) detected at line 486
 $[][]$  
 []


Underfull \vbox (badness 10000) has occurred while \output is active []

 [27]

LaTeX Font Warning: Font shape `T1/SourceSansPro-TLF/m/scit' undefined
(Font)              using `T1/SourceSansPro-TLF/m/sc' instead on input line 514.


LaTeX Font Warning: Font shape `T1/SourceSansPro-TLF/m/scit' undefined
(Font)              using `T1/SourceSansPro-TLF/m/sc' instead on input line 514.


Overfull \hbox (1.69264pt too wide) in paragraph at lines 529--530
[]\T1/SourceSansPro-TLF/regular/n/12 Which is equiv-a-lent to show-ing that for any vec-tor spaces $\OML/cmm/m/it/12 V$\T1/SourceSansPro-TLF/regular/n/12 , $\OML/cmm/m/it/12 W$\T1/SourceSansPro-TLF/regular/n/12 , $\OML/cmm/m/it/12 U$\T1/SourceSansPro-TLF/regular/n/12 , and $\OML/cmm/m/it/12 Z$ \T1/SourceSansPro-TLF/regular/n/12 and super-operators
 []

[28] [29] [30]
Overfull \hbox (36.55727pt too wide) detected at line 716
 $[][]$  
 []


Overfull \hbox (0.82002pt too wide) in paragraph at lines 726--728
[]\T1/SourceSansPro-TLF/regular/n/12 Finally, by [][]Lemma 4.4.5[][][], it can be de-duced that $[]\OT1/cmr/m/n/12 ([\OML/cmm/m/it/12 P; Q\OT1/cmr/m/n/12 ]\OML/cmm/m/it/12 ; \OT1/cmr/m/n/12 [\OML/cmm/m/it/12 P[]; Q[]\OT1/cmr/m/n/12 ]) \OMS/cmsy/m/n/12 ^^T []f[]\OT1/cmr/m/n/12 (\OML/cmm/m/it/12 P; P[]\OT1/cmr/m/n/12 )\OML/cmm/m/it/12 ; []\OT1/cmr/m/n/12 (\OML/cmm/m/it/12 Q; Q[]\OT1/cmr/m/n/12 )\OMS/cmsy/m/n/12 g$\T1/SourceSansPro-TLF/regular/n/12 ,
 []


Underfull \vbox (badness 10000) has occurred while \output is active []

 [31]
Overfull \hbox (16.80399pt too wide) in paragraph at lines 755--756
[]\T1/SourceSansPro-TLF/regular/n/12 Therefore, by [][]Lemma 4.4.5[][][], it can be de-duced that $[]\OT1/cmr/m/n/12 ([\OML/cmm/m/it/12 P; Q\OT1/cmr/m/n/12 ]\OML/cmm/m/it/12 ; \OT1/cmr/m/n/12 [\OML/cmm/m/it/12 P[]; Q[]\OT1/cmr/m/n/12 ]) \OMS/cmsy/m/n/12 ^^T []f[]\OT1/cmr/m/n/12 (\OML/cmm/m/it/12 P; P[]\OT1/cmr/m/n/12 )\OML/cmm/m/it/12 ; []\OT1/cmr/m/n/12 (\OML/cmm/m/it/12 Q; Q[]\OT1/cmr/m/n/12 )\OMS/cmsy/m/n/12 g$\T1/SourceSansPro-TLF/regular/n/12 ,
 []

[32]

LaTeX Warning: Reference `bennett1993teleporting' on page 33 undefined on input line 796.


Underfull \vbox (badness 6001) has occurred while \output is active []

 [33]
Overfull \hbox (20.57573pt too wide) detected at line 861
[]
 []


Underfull \vbox (badness 10000) has occurred while \output is active []

 [34]
Overfull \hbox (1.97133pt too wide) detected at line 899
 $[][]$  
 []


Underfull \vbox (badness 5388) has occurred while \output is active []

 [35] [36]
Underfull \vbox (badness 1845) has occurred while \output is active []

 [37]
Overfull \hbox (3.09543pt too wide) in paragraph at lines 1022--1023
[]\T1/SourceSansPro-TLF/regular/n/12 Applying these Kraus op-er-a-tors to the den-sity op-er-a-tor $\OML/cmm/m/it/12 ^^Z \OT1/cmr/m/n/12 = \OMS/cmsy/m/n/12 j\OML/cmm/m/it/12 \OMS/cmsy/m/n/12 j[]j\OT1/cmr/m/n/12 0\OMS/cmsy/m/n/12 ih\OT1/cmr/m/n/12 0\OMS/cmsy/m/n/12 j \OT1/cmr/m/n/12 + \OML/cmm/m/it/12 ^^L[]\OMS/cmsy/m/n/12 j\OT1/cmr/m/n/12 0\OMS/cmsy/m/n/12 ih\OT1/cmr/m/n/12 1\OMS/cmsy/m/n/12 j \OT1/cmr/m/n/12 + \OML/cmm/m/it/12 []^^L\OMS/cmsy/m/n/12 j\OT1/cmr/m/n/12 1\OMS/cmsy/m/n/12 ih\OT1/cmr/m/n/12 0\OMS/cmsy/m/n/12 j \OT1/cmr/m/n/12 +
 []

[38] [39]
pdfTeX warning (ext4): destination with the same identifier (name{equation.4.4.55}) has been already used, duplicate ignored
<to be read again> 
                   \relax 
l.1085 \begin{equation}
                       

LaTeX Warning: Reference `eq:Bloch_vector' on page 40 undefined on input line 1092.


Overfull \hbox (30.8007pt too wide) detected at line 1142
 $[][]$  
 []

[40] [41]
Overfull \hbox (44.18358pt too wide) detected at line 1185
 $[][]$  
 []


Overfull \hbox (3.3769pt too wide) in paragraph at lines 1185--1187
\T1/SourceSansPro-TLF/regular/n/12 Therefore, the state of the EPR pair with an im-per-fect Hadamard gate is $[] [] \OT1/cmr/m/n/12 = [](\OMS/cmsy/m/n/12 j\OT1/cmr/m/n/12 00\OMS/cmsy/m/n/12 i [] \OT1/cmr/m/n/12 +
 []


Overfull \hbox (35.11423pt too wide) in paragraph at lines 1188--1189
\OML/cmm/m/it/12 ^^Z \OT1/cmr/m/n/12 = [][][]\OMS/cmsy/m/n/12 j\OML/cmm/m/it/12  \OMS/cmsy/m/n/12 ih\OML/cmm/m/it/12  \OMS/cmsy/m/n/12 j\OML/cmm/m/it/12 ; []X\OMS/cmsy/m/n/12 j\OML/cmm/m/it/12  \OMS/cmsy/m/n/12 ih\OML/cmm/m/it/12  \OMS/cmsy/m/n/12 j\OML/cmm/m/it/12 X[]; \OT1/cmr/m/n/12 ([]\OML/cmm/m/it/12 Z\OMS/cmsy/m/n/12 j\OML/cmm/m/it/12  \OMS/cmsy/m/n/12 ih\OML/cmm/m/it/12  \OMS/cmsy/m/n/12 j\OML/cmm/m/it/12 Z; []XZ\OMS/cmsy/m/n/12 j\OML/cmm/m/it/12  \OMS/cmsy/m/n/12 ih\OML/cmm/m/it/12  \OMS/cmsy/m/n/12 j\OML/cmm/m/it/12 ZX[][]$\T1/SourceSansPro-TLF/regular/n/12 . Re-gard-ing the im-per-fect Hadamard
 []


Overfull \hbox (7.50989pt too wide) detected at line 1209
 $[][]$  
 []


Underfull \vbox (badness 10000) has occurred while \output is active []

 [42]
Overfull \hbox (6.05948pt too wide) detected at line 1232
 $[][]$  
 []


Overfull \hbox (42.06494pt too wide) detected at line 1246
 $[][]$  
 []

[43]
Overfull \hbox (47.5141pt too wide) detected at line 1257
 $[][]$  
 []


LaTeX Warning: Reference `eq:Bloch_vector' on page 44 undefined on input line 1260.

[44]
Underfull \vbox (badness 10000) has occurred while \output is active []

 [45]
Overfull \hbox (19.71158pt too wide) detected at line 1442
 $[][]$  
 []


Underfull \vbox (badness 10000) has occurred while \output is active []

 [46]
Overfull \hbox (29.69307pt too wide) in paragraph at lines 1446--1447
[]\T1/SourceSansPro-TLF/regular/n/12 Given this re-sult it is pos-si-ble to con-clude that $[] \OT1/cmr/m/n/12 =[] [][]$\T1/SourceSansPro-TLF/regular/n/12 .
 []


Underfull \vbox (badness 10000) has occurred while \output is active []

 [47] [48]
Overfull \hbox (3.27301pt too wide) detected at line 1542
 $[][]$  
 []


Overfull \hbox (19.74857pt too wide) in paragraph at lines 1569--1570
 [][] 
 []


Overfull \hbox (11.10995pt too wide) in paragraph at lines 1573--1574
[]\T1/SourceSansPro-TLF/regular/n/12 In this case, the quan-tum tele-por-ta-tion pro-to-col is di-vided into three parts: \T1/SourceSansPro-TLF/bold/n/12 EPR\T1/SourceSansPro-TLF/regular/n/12 , \T1/SourceSansPro-TLF/bold/n/12 TeleportIntra-
 []

[49]
Overfull \hbox (21.31525pt too wide) detected at line 1591
[]
 []


Overfull \hbox (2.03236pt too wide) in paragraph at lines 1611--1612
[]\T1/SourceSansPro-TLF/regular/n/12 Consequently, the state of the sys-tem post-teleportation pro-to-col cor-re-sponds to $[] []$. With
 []

[50]
Overfull \hbox (5.2203pt too wide) detected at line 1646
 $[][]$  
 []


Overfull \hbox (162.75095pt too wide) in paragraph at lines 1646--1648
\T1/SourceSansPro-TLF/regular/n/12 Next, re-gard-ing the condi-cional state-ments, ap-ply-ing cor-rec-tion to $[][][]\OMS/cmsy/m/n/12 j\OML/cmm/m/it/12  \OMS/cmsy/m/n/12 ih\OML/cmm/m/it/12  \OMS/cmsy/m/n/12 j\OML/cmm/m/it/12 ; []X\OMS/cmsy/m/n/12 j\OML/cmm/m/it/12  \OMS/cmsy/m/n/12 ih\OML/cmm/m/it/12  \OMS/cmsy/m/n/12 j\OML/cmm/m/it/12 X[]; [][]Z\OMS/cmsy/m/n/12 j\OML/cmm/m/it/12  \OMS/cmsy/m/n/12 ih\OML/cmm/m/it/12  \OMS/cmsy/m/n/12 j\OML/cmm/m/it/12 Z; []XZ\OMS/cmsy/m/n/12 j\OML/cmm/m/it/12  \OMS/cmsy/m/n/12 ih\OML/cmm/m/it/12  \OMS/cmsy/m/n/12 j\OML/cmm/m/it/12 ZX[][]$
 []


Overfull \hbox (151.12817pt too wide) in paragraph at lines 1646--1648
\T1/SourceSansPro-TLF/regular/n/12 re-sults in the state $[]$ ([][]Equa-tion 4.43[][][]). More-over, with re-spect to $[][][]\OMS/cmsy/m/n/12 j\OML/cmm/m/it/12  \OMS/cmsy/m/n/12 ih\OML/cmm/m/it/12  \OMS/cmsy/m/n/12 j\OML/cmm/m/it/12 ; []X\OMS/cmsy/m/n/12 j\OML/cmm/m/it/12  \OMS/cmsy/m/n/12 ih\OML/cmm/m/it/12  \OMS/cmsy/m/n/12 j\OML/cmm/m/it/12 X[]; [][]Z\OMS/cmsy/m/n/12 j\OML/cmm/m/it/12  \OMS/cmsy/m/n/12 ih\OML/cmm/m/it/12  \OMS/cmsy/m/n/12 j\OML/cmm/m/it/12 Z; []XZ\OMS/cmsy/m/n/12 j\OML/cmm/m/it/12  \OMS/cmsy/m/n/12 ih\OML/cmm/m/it/12  \OMS/cmsy/m/n/12 j\OML/cmm/m/it/12 ZX[][]$
 []


Overfull \hbox (14.38391pt too wide) in paragraph at lines 1653--1655
\T1/SourceSansPro-TLF/regular/n/12 Furthermore, ap-ply-ing cor-rec-tion to $[][][]\OML/cmm/m/it/12 X\OMS/cmsy/m/n/12 j\OML/cmm/m/it/12  \OMS/cmsy/m/n/12 ih\OML/cmm/m/it/12  \OMS/cmsy/m/n/12 j\OML/cmm/m/it/12 X; []\OMS/cmsy/m/n/12 j\OML/cmm/m/it/12  \OMS/cmsy/m/n/12 ih\OML/cmm/m/it/12  \OMS/cmsy/m/n/12 j[]\OML/cmm/m/it/12 ; [][]XZ\OMS/cmsy/m/n/12 j\OML/cmm/m/it/12  \OMS/cmsy/m/n/12 ih\OML/cmm/m/it/12  \OMS/cmsy/m/n/12 j\OML/cmm/m/it/12 ZX; []Z\OMS/cmsy/m/n/12 j\OML/cmm/m/it/12  \OMS/cmsy/m/n/12 ih\OML/cmm/m/it/12  \OMS/cmsy/m/n/12 j\OML/cmm/m/it/12 Z[][]$
 []

[51]

LaTeX Warning: Reference `eq:Bloch_vector' on page 52 undefined on input line 1691.

[52]
Overfull \hbox (23.7476pt too wide) detected at line 1738
 $[][]$  
 []

) (chapters/Applications.tex [53] [54

]
Chapter 5.
) (chapters/ConclusionsAndFutureWork.tex [55] [56

]
Chapter 6.
) (chapters/PlannedSchedule.tex [57] [58

]
Chapter 7.
\@gls@deffile=\write12
\openout12 = `dissertation.glsdefs'.

) (dissertation.bbl [59] [60

] [61]
Underfull \hbox (badness 1394) in paragraph at lines 144--151
[]\T1/SourceSansPro-TLF/regular/n/12 Prakash Mu-rali, Jonathan M Baker, Ali Javadi-Abhari, Fred-eric T Chong, and Mar-garet
 []

[62] [63]) [64]
runsystem(makeindex dissertation.idx)...executed safely (allowed).

 (dissertation.ind) [65


] [66] (appendices/SupportWork.tex
Appendix A.
) (appendices/DetailsOfResults.tex [67

] [68

]
Appendix B.
) (appendices/Listings.tex [69] [70

]
Appendix C.
) (appendices/Tooling.tex [71] [72

]
Appendix D.
) (covers/BackCover.tex [73
\indexentry{\LaTeX  }{73}
\indexentry{TeX!TeX Users Group (TUG)}{73}
\indexentry{TeX!TeX Users Group (TUG)}{73}
] [74

] [75

]
pdfTeX warning (ext4): destination with the same identifier (name{page.1}) has been already used, duplicate ignored
<to be read again> 
                   \relax 
l.14 \end{backcover}
                     [1]) (dissertation.aux)
 ***********
LaTeX2e <2023-11-01> patch level 1
L3 programming layer <2024-01-22>
 ***********


LaTeX Warning: There were undefined references.


LaTeX Warning: There were multiply-defined labels.

Package rerunfilecheck Info: File `dissertation.out' has not changed.
(rerunfilecheck)             Checksum: B03643AAD86AE54D440C79C9C8E92BBE;6069.
 ) 
Here is how much of TeX's memory you used:
 52511 strings out of 474542
 1097742 string characters out of 5744447
 2111978 words of memory out of 5000000
 73483 multiletter control sequences out of 15000+600000
 772489 words of font info for 100 fonts, out of 8000000 for 9000
 1141 hyphenation exceptions out of 8191
 109i,36n,108p,2505b,1395s stack positions out of 10000i,1000n,20000p,200000b,200000s

pdfTeX warning (dest): name{glo:pdr} has been referenced but does not exist, replaced by a fixed one


pdfTeX warning (dest): name{glo:soa} has been referenced but does not exist, replaced by a fixed one

 <C:\Users\mona_\AppData\Local\MiKTeX\fonts/pk/ljfour/jknappen/ec/dpi600\ecrm1200.pk> <C:\Users\mona_\AppData\Local\MiKTeX\fonts/pk/ljfour/jknappen/ec/dpi600\ectt1200.pk><C:/Users/mona_/AppData/Local/Programs/MiKTeX/fonts/type1/adobe/sourcesanspro/SourceSansPro-Bold.pfb><C:/Users/mona_/AppData/Local/Programs/MiKTeX/fonts/type1/adobe/sourcesanspro/SourceSansPro-It.pfb><C:/Users/mona_/AppData/Local/Programs/MiKTeX/fonts/type1/adobe/sourcesanspro/SourceSansPro-Light.pfb><C:/Users/mona_/AppData/Local/Programs/MiKTeX/fonts/type1/adobe/sourcesanspro/SourceSansPro-Regular.pfb><C:/Users/mona_/AppData/Local/Programs/MiKTeX/fonts/type1/public/amsfonts/cm/cmex10.pfb><C:/Users/mona_/AppData/Local/Programs/MiKTeX/fonts/type1/public/amsfonts/cm/cmmi12.pfb><C:/Users/mona_/AppData/Local/Programs/MiKTeX/fonts/type1/public/amsfonts/cm/cmmi6.pfb><C:/Users/mona_/AppData/Local/Programs/MiKTeX/fonts/type1/public/amsfonts/cm/cmmi8.pfb><C:/Users/mona_/AppData/Local/Programs/MiKTeX/fonts/type1/public/amsfonts/cm/cmr12.pfb><C:/Users/mona_/AppData/Local/Programs/MiKTeX/fonts/type1/public/amsfonts/cm/cmr6.pfb><C:/Users/mona_/AppData/Local/Programs/MiKTeX/fonts/type1/public/amsfonts/cm/cmr8.pfb><C:/Users/mona_/AppData/Local/Programs/MiKTeX/fonts/type1/public/amsfonts/cm/cmsy10.pfb><C:/Users/mona_/AppData/Local/Programs/MiKTeX/fonts/type1/public/amsfonts/cm/cmsy6.pfb><C:/Users/mona_/AppData/Local/Programs/MiKTeX/fonts/type1/public/amsfonts/cm/cmsy8.pfb><C:/Users/mona_/AppData/Local/Programs/MiKTeX/fonts/type1/public/amsfonts/symbols/msam10.pfb><C:/Users/mona_/AppData/Local/Programs/MiKTeX/fonts/type1/public/amsfonts/symbols/msbm10.pfb><C:/Users/mona_/AppData/Local/Programs/MiKTeX/fonts/type1/public/hoekwater/stmary10.pfb>
Output written on dissertation.pdf (96 pages, 1067845 bytes).
PDF statistics:
 1304 PDF objects out of 1440 (max. 8388607)
 318 named destinations out of 1000 (max. 500000)
 380 words of extra memory for PDF output out of 10000 (max. 10000000)

